#! /opt/homebrew/Cellar/icarus-verilog/12.0/bin/vvp
:ivl_version "12.0 (stable)";
:ivl_delay_selection "TYPICAL";
:vpi_time_precision - 12;
:vpi_module "/opt/homebrew/Cellar/icarus-verilog/12.0/lib/ivl/system.vpi";
:vpi_module "/opt/homebrew/Cellar/icarus-verilog/12.0/lib/ivl/vhdl_sys.vpi";
:vpi_module "/opt/homebrew/Cellar/icarus-verilog/12.0/lib/ivl/vhdl_textio.vpi";
:vpi_module "/opt/homebrew/Cellar/icarus-verilog/12.0/lib/ivl/v2005_math.vpi";
:vpi_module "/opt/homebrew/Cellar/icarus-verilog/12.0/lib/ivl/va_math.vpi";
S_0x1306063f0 .scope module, "test" "test" 2 3;
 .timescale -9 -12;
v0x130606720_0 .var "clk", 0 0;
v0x1306067c0_0 .var/s "input0_imag", 15 0;
v0x130627a40_0 .var/s "input0_real", 15 0;
v0x130627b10_0 .var/s "input1_imag", 15 0;
v0x130627bc0_0 .var/s "input1_real", 15 0;
v0x130627c90_0 .var/s "input2_imag", 15 0;
v0x130627d40_0 .var/s "input2_real", 15 0;
v0x130627df0_0 .var/s "input3_imag", 15 0;
v0x130627ea0_0 .var/s "input3_real", 15 0;
v0x130627fd0_0 .var/s "input4_imag", 15 0;
v0x130628060_0 .var/s "input4_real", 15 0;
v0x1306280f0_0 .var/s "input5_imag", 15 0;
v0x1306281a0_0 .var/s "input5_real", 15 0;
v0x130628250_0 .var/s "input6_imag", 15 0;
v0x130628300_0 .var/s "input6_real", 15 0;
v0x1306283b0_0 .var/s "input7_imag", 15 0;
v0x130628460_0 .var/s "input7_real", 15 0;
v0x130628610_0 .net/s "output0_imag", 15 0, L_0x13062bc70;  1 drivers
v0x1306286a0_0 .net/s "output0_real", 15 0, L_0x13062bbc0;  1 drivers
v0x130628730_0 .net/s "output1_imag", 15 0, L_0x13062bdd0;  1 drivers
v0x1306287c0_0 .net/s "output1_real", 15 0, L_0x13062bd20;  1 drivers
v0x130628850_0 .net/s "output2_imag", 15 0, L_0x13062bf20;  1 drivers
v0x130628900_0 .net/s "output2_real", 15 0, L_0x13062be40;  1 drivers
v0x1306289b0_0 .net/s "output3_imag", 15 0, L_0x13062c080;  1 drivers
v0x130628a60_0 .net/s "output3_real", 15 0, L_0x13062bfd0;  1 drivers
v0x130628b10_0 .net/s "output4_imag", 15 0, L_0x13062c230;  1 drivers
v0x130628bc0_0 .net/s "output4_real", 15 0, L_0x13062c130;  1 drivers
v0x130628c70_0 .net/s "output5_imag", 15 0, L_0x13062c3b0;  1 drivers
v0x130628d20_0 .net/s "output5_real", 15 0, L_0x13062c2a0;  1 drivers
v0x130628dd0_0 .net/s "output6_imag", 15 0, L_0x13062c540;  1 drivers
v0x130628e80_0 .net/s "output6_real", 15 0, L_0x13062c460;  1 drivers
v0x130628f30_0 .net/s "output7_imag", 15 0, L_0x13062c4d0;  1 drivers
v0x130628fe0_0 .net/s "output7_real", 15 0, L_0x13062c5f0;  1 drivers
v0x130628510_0 .net "ready", 0 0, v0x130626820_0;  1 drivers
v0x130629270_0 .var "rst", 0 0;
v0x130629300_0 .var "start", 0 0;
v0x130629390_0 .var "write", 0 0;
S_0x130606560 .scope module, "U0" "fft" 2 22, 3 3 0, S_0x1306063f0;
 .timescale -9 -12;
    .port_info 0 /INPUT 1 "clk";
    .port_info 1 /INPUT 1 "rst";
    .port_info 2 /INPUT 1 "write";
    .port_info 3 /INPUT 1 "start";
    .port_info 4 /INPUT 16 "input0_real";
    .port_info 5 /INPUT 16 "input0_imag";
    .port_info 6 /INPUT 16 "input1_real";
    .port_info 7 /INPUT 16 "input1_imag";
    .port_info 8 /INPUT 16 "input2_real";
    .port_info 9 /INPUT 16 "input2_imag";
    .port_info 10 /INPUT 16 "input3_real";
    .port_info 11 /INPUT 16 "input3_imag";
    .port_info 12 /INPUT 16 "input4_real";
    .port_info 13 /INPUT 16 "input4_imag";
    .port_info 14 /INPUT 16 "input5_real";
    .port_info 15 /INPUT 16 "input5_imag";
    .port_info 16 /INPUT 16 "input6_real";
    .port_info 17 /INPUT 16 "input6_imag";
    .port_info 18 /INPUT 16 "input7_real";
    .port_info 19 /INPUT 16 "input7_imag";
    .port_info 20 /OUTPUT 16 "output0_real";
    .port_info 21 /OUTPUT 16 "output0_imag";
    .port_info 22 /OUTPUT 16 "output1_real";
    .port_info 23 /OUTPUT 16 "output1_imag";
    .port_info 24 /OUTPUT 16 "output2_real";
    .port_info 25 /OUTPUT 16 "output2_imag";
    .port_info 26 /OUTPUT 16 "output3_real";
    .port_info 27 /OUTPUT 16 "output3_imag";
    .port_info 28 /OUTPUT 16 "output4_real";
    .port_info 29 /OUTPUT 16 "output4_imag";
    .port_info 30 /OUTPUT 16 "output5_real";
    .port_info 31 /OUTPUT 16 "output5_imag";
    .port_info 32 /OUTPUT 16 "output6_real";
    .port_info 33 /OUTPUT 16 "output6_imag";
    .port_info 34 /OUTPUT 16 "output7_real";
    .port_info 35 /OUTPUT 16 "output7_imag";
    .port_info 36 /OUTPUT 1 "ready";
L_0x13062bbc0 .functor BUFZ 16, L_0x13062ad40, C4<0000000000000000>, C4<0000000000000000>, C4<0000000000000000>;
L_0x13062bc70 .functor BUFZ 16, L_0x13062ae20, C4<0000000000000000>, C4<0000000000000000>, C4<0000000000000000>;
L_0x13062bd20 .functor BUFZ 16, L_0x13062b0e0, C4<0000000000000000>, C4<0000000000000000>, C4<0000000000000000>;
L_0x13062bdd0 .functor BUFZ 16, L_0x13062b1c0, C4<0000000000000000>, C4<0000000000000000>, C4<0000000000000000>;
L_0x13062be40 .functor BUFZ 16, L_0x13062b480, C4<0000000000000000>, C4<0000000000000000>, C4<0000000000000000>;
L_0x13062bf20 .functor BUFZ 16, L_0x13062b560, C4<0000000000000000>, C4<0000000000000000>, C4<0000000000000000>;
L_0x13062bfd0 .functor BUFZ 16, L_0x13062b820, C4<0000000000000000>, C4<0000000000000000>, C4<0000000000000000>;
L_0x13062c080 .functor BUFZ 16, L_0x13062b900, C4<0000000000000000>, C4<0000000000000000>, C4<0000000000000000>;
L_0x13062c130 .functor BUFZ 16, L_0x13062af00, C4<0000000000000000>, C4<0000000000000000>, C4<0000000000000000>;
L_0x13062c230 .functor BUFZ 16, L_0x13062b000, C4<0000000000000000>, C4<0000000000000000>, C4<0000000000000000>;
L_0x13062c2a0 .functor BUFZ 16, L_0x13062b2a0, C4<0000000000000000>, C4<0000000000000000>, C4<0000000000000000>;
L_0x13062c3b0 .functor BUFZ 16, L_0x13062b3a0, C4<0000000000000000>, C4<0000000000000000>, C4<0000000000000000>;
L_0x13062c460 .functor BUFZ 16, L_0x13062b640, C4<0000000000000000>, C4<0000000000000000>, C4<0000000000000000>;
L_0x13062c540 .functor BUFZ 16, L_0x13062b740, C4<0000000000000000>, C4<0000000000000000>, C4<0000000000000000>;
L_0x13062c5f0 .functor BUFZ 16, L_0x13062b9e0, C4<0000000000000000>, C4<0000000000000000>, C4<0000000000000000>;
L_0x13062c4d0 .functor BUFZ 16, L_0x13062bae0, C4<0000000000000000>, C4<0000000000000000>, C4<0000000000000000>;
v0x130624ad0_0 .net "clk", 0 0, v0x130606720_0;  1 drivers
v0x130624b60_0 .net/s "input0_imag", 15 0, v0x1306067c0_0;  1 drivers
v0x130624bf0_0 .net/s "input0_real", 15 0, v0x130627a40_0;  1 drivers
v0x130624c80_0 .net/s "input1_imag", 15 0, v0x130627b10_0;  1 drivers
v0x130624d10_0 .net/s "input1_real", 15 0, v0x130627bc0_0;  1 drivers
v0x130624de0_0 .net/s "input2_imag", 15 0, v0x130627c90_0;  1 drivers
v0x130624e90_0 .net/s "input2_real", 15 0, v0x130627d40_0;  1 drivers
v0x130624f40_0 .net/s "input3_imag", 15 0, v0x130627df0_0;  1 drivers
v0x130624ff0_0 .net/s "input3_real", 15 0, v0x130627ea0_0;  1 drivers
v0x130625100_0 .net/s "input4_imag", 15 0, v0x130627fd0_0;  1 drivers
v0x1306251b0_0 .net/s "input4_real", 15 0, v0x130628060_0;  1 drivers
v0x130625260_0 .net/s "input5_imag", 15 0, v0x1306280f0_0;  1 drivers
v0x130625310_0 .net/s "input5_real", 15 0, v0x1306281a0_0;  1 drivers
v0x1306253c0_0 .net/s "input6_imag", 15 0, v0x130628250_0;  1 drivers
v0x130625470_0 .net/s "input6_real", 15 0, v0x130628300_0;  1 drivers
v0x130625520_0 .net/s "input7_imag", 15 0, v0x1306283b0_0;  1 drivers
v0x1306255d0_0 .net/s "input7_real", 15 0, v0x130628460_0;  1 drivers
v0x130625760 .array/s "input_imag", 0 7, 15 0;
v0x1306258b0 .array/s "input_real", 0 7, 15 0;
v0x130625a80_0 .var/i "k", 31 0;
v0x130625b10_0 .var/i "l", 31 0;
v0x130625ba0_0 .net/s "output0_imag", 15 0, L_0x13062bc70;  alias, 1 drivers
v0x130625c30_0 .net/s "output0_real", 15 0, L_0x13062bbc0;  alias, 1 drivers
v0x130625cc0_0 .net/s "output1_imag", 15 0, L_0x13062bdd0;  alias, 1 drivers
v0x130625d50_0 .net/s "output1_real", 15 0, L_0x13062bd20;  alias, 1 drivers
v0x130625de0_0 .net/s "output2_imag", 15 0, L_0x13062bf20;  alias, 1 drivers
v0x130625e70_0 .net/s "output2_real", 15 0, L_0x13062be40;  alias, 1 drivers
v0x130625f00_0 .net/s "output3_imag", 15 0, L_0x13062c080;  alias, 1 drivers
v0x130625fb0_0 .net/s "output3_real", 15 0, L_0x13062bfd0;  alias, 1 drivers
v0x130626060_0 .net/s "output4_imag", 15 0, L_0x13062c230;  alias, 1 drivers
v0x130626110_0 .net/s "output4_real", 15 0, L_0x13062c130;  alias, 1 drivers
v0x1306261c0_0 .net/s "output5_imag", 15 0, L_0x13062c3b0;  alias, 1 drivers
v0x130626270_0 .net/s "output5_real", 15 0, L_0x13062c2a0;  alias, 1 drivers
v0x130625680_0 .net/s "output6_imag", 15 0, L_0x13062c540;  alias, 1 drivers
v0x130626500_0 .net/s "output6_real", 15 0, L_0x13062c460;  alias, 1 drivers
v0x130626590_0 .net/s "output7_imag", 15 0, L_0x13062c4d0;  alias, 1 drivers
v0x130626630_0 .net/s "output7_real", 15 0, L_0x13062c5f0;  alias, 1 drivers
v0x1306266e0 .array/s "output_imag", 0 7, 15 0;
v0x130626780 .array/s "output_real", 0 7, 15 0;
v0x130626820_0 .var "ready", 0 0;
v0x1306268c0_0 .net "rst", 0 0, v0x130629270_0;  1 drivers
v0x130626960_0 .net "start", 0 0, v0x130629300_0;  1 drivers
v0x1306269f0 .array/s "w_i", 0 3, 15 0;
v0x130626af0 .array/s "w_r", 0 3, 15 0;
v0x130626be0_0 .net "write", 0 0, v0x130629390_0;  1 drivers
v0x130626c70 .array "y_s1_i", 0 7;
v0x130626c70_0 .net/s v0x130626c70 0, 15 0, L_0x130629500; 1 drivers
v0x130626c70_1 .net/s v0x130626c70 1, 15 0, L_0x1306296a0; 1 drivers
v0x130626c70_2 .net/s v0x130626c70 2, 15 0, L_0x130629820; 1 drivers
v0x130626c70_3 .net/s v0x130626c70 3, 15 0, L_0x1306299c0; 1 drivers
v0x130626c70_4 .net/s v0x130626c70 4, 15 0, L_0x130629b40; 1 drivers
v0x130626c70_5 .net/s v0x130626c70 5, 15 0, L_0x130629ce0; 1 drivers
v0x130626c70_6 .net/s v0x130626c70 6, 15 0, L_0x130629e60; 1 drivers
v0x130626c70_7 .net/s v0x130626c70 7, 15 0, L_0x13062a000; 1 drivers
v0x130626f40 .array "y_s1_r", 0 7;
v0x130626f40_0 .net/s v0x130626f40 0, 15 0, L_0x130629440; 1 drivers
v0x130626f40_1 .net/s v0x130626f40 1, 15 0, L_0x1306295c0; 1 drivers
v0x130626f40_2 .net/s v0x130626f40 2, 15 0, L_0x130629760; 1 drivers
v0x130626f40_3 .net/s v0x130626f40 3, 15 0, L_0x1306298e0; 1 drivers
v0x130626f40_4 .net/s v0x130626f40 4, 15 0, L_0x130629a80; 1 drivers
v0x130626f40_5 .net/s v0x130626f40 5, 15 0, L_0x130629c00; 1 drivers
v0x130626f40_6 .net/s v0x130626f40 6, 15 0, L_0x130629da0; 1 drivers
v0x130626f40_7 .net/s v0x130626f40 7, 15 0, L_0x130629f20; 1 drivers
v0x1306271d0 .array "y_s2_i", 0 7;
v0x1306271d0_0 .net/s v0x1306271d0 0, 15 0, L_0x13062a180; 1 drivers
v0x1306271d0_1 .net/s v0x1306271d0 1, 15 0, L_0x13062a4a0; 1 drivers
v0x1306271d0_2 .net/s v0x1306271d0 2, 15 0, L_0x13062a320; 1 drivers
v0x1306271d0_3 .net/s v0x1306271d0 3, 15 0, L_0x13062a640; 1 drivers
v0x1306271d0_4 .net/s v0x1306271d0 4, 15 0, L_0x13062a7c0; 1 drivers
v0x1306271d0_5 .net/s v0x1306271d0 5, 15 0, L_0x13062aae0; 1 drivers
v0x1306271d0_6 .net/s v0x1306271d0 6, 15 0, L_0x13062a960; 1 drivers
v0x1306271d0_7 .net/s v0x1306271d0 7, 15 0, L_0x13062ac80; 1 drivers
v0x1306274a0 .array "y_s2_r", 0 7;
v0x1306274a0_0 .net/s v0x1306274a0 0, 15 0, L_0x13062a0c0; 1 drivers
v0x1306274a0_1 .net/s v0x1306274a0 1, 15 0, L_0x13062a3e0; 1 drivers
v0x1306274a0_2 .net/s v0x1306274a0 2, 15 0, L_0x13062a240; 1 drivers
v0x1306274a0_3 .net/s v0x1306274a0 3, 15 0, L_0x13062a560; 1 drivers
v0x1306274a0_4 .net/s v0x1306274a0 4, 15 0, L_0x13062a700; 1 drivers
v0x1306274a0_5 .net/s v0x1306274a0 5, 15 0, L_0x13062aa20; 1 drivers
v0x1306274a0_6 .net/s v0x1306274a0 6, 15 0, L_0x13062a880; 1 drivers
v0x1306274a0_7 .net/s v0x1306274a0 7, 15 0, L_0x13062aba0; 1 drivers
v0x1306276f0 .array "y_s3_i", 0 7;
v0x1306276f0_0 .net/s v0x1306276f0 0, 15 0, L_0x13062ae20; 1 drivers
v0x1306276f0_1 .net/s v0x1306276f0 1, 15 0, L_0x13062b1c0; 1 drivers
v0x1306276f0_2 .net/s v0x1306276f0 2, 15 0, L_0x13062b560; 1 drivers
v0x1306276f0_3 .net/s v0x1306276f0 3, 15 0, L_0x13062b900; 1 drivers
v0x1306276f0_4 .net/s v0x1306276f0 4, 15 0, L_0x13062b000; 1 drivers
v0x1306276f0_5 .net/s v0x1306276f0 5, 15 0, L_0x13062b3a0; 1 drivers
v0x1306276f0_6 .net/s v0x1306276f0 6, 15 0, L_0x13062b740; 1 drivers
v0x1306276f0_7 .net/s v0x1306276f0 7, 15 0, L_0x13062bae0; 1 drivers
v0x1306277c0 .array "y_s3_r", 0 7;
v0x1306277c0_0 .net/s v0x1306277c0 0, 15 0, L_0x13062ad40; 1 drivers
v0x1306277c0_1 .net/s v0x1306277c0 1, 15 0, L_0x13062b0e0; 1 drivers
v0x1306277c0_2 .net/s v0x1306277c0 2, 15 0, L_0x13062b480; 1 drivers
v0x1306277c0_3 .net/s v0x1306277c0 3, 15 0, L_0x13062b820; 1 drivers
v0x1306277c0_4 .net/s v0x1306277c0 4, 15 0, L_0x13062af00; 1 drivers
v0x1306277c0_5 .net/s v0x1306277c0 5, 15 0, L_0x13062b2a0; 1 drivers
v0x1306277c0_6 .net/s v0x1306277c0 6, 15 0, L_0x13062b640; 1 drivers
v0x1306277c0_7 .net/s v0x1306277c0 7, 15 0, L_0x13062b9e0; 1 drivers
S_0x130606bd0 .scope generate, "genblk1[0]" "genblk1[0]" 3 98, 3 98 0, S_0x130606560;
 .timescale -9 -12;
P_0x130606d90 .param/l "i" 1 3 98, +C4<00>;
S_0x130606e30 .scope module, "U" "butterfly" 3 100, 4 1 0, S_0x130606bd0;
 .timescale 0 0;
    .port_info 0 /INPUT 16 "x1_r";
    .port_info 1 /INPUT 16 "x1_i";
    .port_info 2 /INPUT 16 "x2_r";
    .port_info 3 /INPUT 16 "x2_i";
    .port_info 4 /INPUT 16 "w_r";
    .port_info 5 /INPUT 16 "w_i";
    .port_info 6 /INPUT 1 "clk";
    .port_info 7 /INPUT 1 "start";
    .port_info 8 /OUTPUT 16 "y1_r";
    .port_info 9 /OUTPUT 16 "y1_i";
    .port_info 10 /OUTPUT 16 "y2_r";
    .port_info 11 /OUTPUT 16 "y2_i";
v0x1306071b0_0 .net "clk", 0 0, v0x130606720_0;  alias, 1 drivers
v0x130617260_0 .net "start", 0 0, v0x130629300_0;  alias, 1 drivers
v0x1306269f0_0 .array/port v0x1306269f0, 0;
v0x130617300_0 .net/s "w_i", 15 0, v0x1306269f0_0;  1 drivers
v0x130626af0_0 .array/port v0x130626af0, 0;
v0x1306173c0_0 .net/s "w_r", 15 0, v0x130626af0_0;  1 drivers
v0x130625760_0 .array/port v0x130625760, 0;
v0x130617470_0 .net/s "x1_i", 15 0, v0x130625760_0;  1 drivers
v0x1306258b0_0 .array/port v0x1306258b0, 0;
v0x130617560_0 .net/s "x1_r", 15 0, v0x1306258b0_0;  1 drivers
v0x130625760_1 .array/port v0x130625760, 1;
v0x130617610_0 .net/s "x2_i", 15 0, v0x130625760_1;  1 drivers
v0x1306258b0_1 .array/port v0x1306258b0, 1;
v0x1306176c0_0 .net/s "x2_r", 15 0, v0x1306258b0_1;  1 drivers
v0x130617770_0 .net/s "y1_i", 15 0, L_0x130629500;  alias, 1 drivers
v0x130617880_0 .var/s "y1_i_reg", 31 0;
v0x130617930_0 .net/s "y1_r", 15 0, L_0x130629440;  alias, 1 drivers
v0x1306179e0_0 .var/s "y1_r_reg", 31 0;
v0x130617a90_0 .net/s "y2_i", 15 0, L_0x1306296a0;  alias, 1 drivers
v0x130617b40_0 .var/s "y2_i_reg", 31 0;
v0x130617bf0_0 .net/s "y2_r", 15 0, L_0x1306295c0;  alias, 1 drivers
v0x130617ca0_0 .var/s "y2_r_reg", 31 0;
E_0x130607170 .event posedge, v0x1306071b0_0;
L_0x130629440 .part v0x1306179e0_0, 0, 16;
L_0x130629500 .part v0x130617880_0, 0, 16;
L_0x1306295c0 .part v0x130617ca0_0, 0, 16;
L_0x1306296a0 .part v0x130617b40_0, 0, 16;
S_0x130617e70 .scope generate, "genblk1[2]" "genblk1[2]" 3 98, 3 98 0, S_0x130606560;
 .timescale -9 -12;
P_0x130606ff0 .param/l "i" 1 3 98, +C4<010>;
S_0x130618070 .scope module, "U" "butterfly" 3 100, 4 1 0, S_0x130617e70;
 .timescale 0 0;
    .port_info 0 /INPUT 16 "x1_r";
    .port_info 1 /INPUT 16 "x1_i";
    .port_info 2 /INPUT 16 "x2_r";
    .port_info 3 /INPUT 16 "x2_i";
    .port_info 4 /INPUT 16 "w_r";
    .port_info 5 /INPUT 16 "w_i";
    .port_info 6 /INPUT 1 "clk";
    .port_info 7 /INPUT 1 "start";
    .port_info 8 /OUTPUT 16 "y1_r";
    .port_info 9 /OUTPUT 16 "y1_i";
    .port_info 10 /OUTPUT 16 "y2_r";
    .port_info 11 /OUTPUT 16 "y2_i";
v0x1306183b0_0 .net "clk", 0 0, v0x130606720_0;  alias, 1 drivers
v0x130618440_0 .net "start", 0 0, v0x130629300_0;  alias, 1 drivers
v0x1306184f0_0 .net/s "w_i", 15 0, v0x1306269f0_0;  alias, 1 drivers
v0x1306185c0_0 .net/s "w_r", 15 0, v0x130626af0_0;  alias, 1 drivers
v0x130625760_2 .array/port v0x130625760, 2;
v0x130618670_0 .net/s "x1_i", 15 0, v0x130625760_2;  1 drivers
v0x1306258b0_2 .array/port v0x1306258b0, 2;
v0x130618740_0 .net/s "x1_r", 15 0, v0x1306258b0_2;  1 drivers
v0x130625760_3 .array/port v0x130625760, 3;
v0x1306187e0_0 .net/s "x2_i", 15 0, v0x130625760_3;  1 drivers
v0x1306258b0_3 .array/port v0x1306258b0, 3;
v0x130618890_0 .net/s "x2_r", 15 0, v0x1306258b0_3;  1 drivers
v0x130618940_0 .net/s "y1_i", 15 0, L_0x130629820;  alias, 1 drivers
v0x130618a50_0 .var/s "y1_i_reg", 31 0;
v0x130618b00_0 .net/s "y1_r", 15 0, L_0x130629760;  alias, 1 drivers
v0x130618bb0_0 .var/s "y1_r_reg", 31 0;
v0x130618c60_0 .net/s "y2_i", 15 0, L_0x1306299c0;  alias, 1 drivers
v0x130618d10_0 .var/s "y2_i_reg", 31 0;
v0x130618dc0_0 .net/s "y2_r", 15 0, L_0x1306298e0;  alias, 1 drivers
v0x130618e70_0 .var/s "y2_r_reg", 31 0;
L_0x130629760 .part v0x130618bb0_0, 0, 16;
L_0x130629820 .part v0x130618a50_0, 0, 16;
L_0x1306298e0 .part v0x130618e70_0, 0, 16;
L_0x1306299c0 .part v0x130618d10_0, 0, 16;
S_0x130619040 .scope generate, "genblk1[4]" "genblk1[4]" 3 98, 3 98 0, S_0x130606560;
 .timescale -9 -12;
P_0x130618230 .param/l "i" 1 3 98, +C4<0100>;
S_0x130619240 .scope module, "U" "butterfly" 3 100, 4 1 0, S_0x130619040;
 .timescale 0 0;
    .port_info 0 /INPUT 16 "x1_r";
    .port_info 1 /INPUT 16 "x1_i";
    .port_info 2 /INPUT 16 "x2_r";
    .port_info 3 /INPUT 16 "x2_i";
    .port_info 4 /INPUT 16 "w_r";
    .port_info 5 /INPUT 16 "w_i";
    .port_info 6 /INPUT 1 "clk";
    .port_info 7 /INPUT 1 "start";
    .port_info 8 /OUTPUT 16 "y1_r";
    .port_info 9 /OUTPUT 16 "y1_i";
    .port_info 10 /OUTPUT 16 "y2_r";
    .port_info 11 /OUTPUT 16 "y2_i";
v0x130619580_0 .net "clk", 0 0, v0x130606720_0;  alias, 1 drivers
v0x130619650_0 .net "start", 0 0, v0x130629300_0;  alias, 1 drivers
v0x130619720_0 .net/s "w_i", 15 0, v0x1306269f0_0;  alias, 1 drivers
v0x1306197f0_0 .net/s "w_r", 15 0, v0x130626af0_0;  alias, 1 drivers
v0x130625760_4 .array/port v0x130625760, 4;
v0x1306198c0_0 .net/s "x1_i", 15 0, v0x130625760_4;  1 drivers
v0x1306258b0_4 .array/port v0x1306258b0, 4;
v0x130619990_0 .net/s "x1_r", 15 0, v0x1306258b0_4;  1 drivers
v0x130625760_5 .array/port v0x130625760, 5;
v0x130619a20_0 .net/s "x2_i", 15 0, v0x130625760_5;  1 drivers
v0x1306258b0_5 .array/port v0x1306258b0, 5;
v0x130619ab0_0 .net/s "x2_r", 15 0, v0x1306258b0_5;  1 drivers
v0x130619b60_0 .net/s "y1_i", 15 0, L_0x130629b40;  alias, 1 drivers
v0x130619c70_0 .var/s "y1_i_reg", 31 0;
v0x130619d20_0 .net/s "y1_r", 15 0, L_0x130629a80;  alias, 1 drivers
v0x130619dd0_0 .var/s "y1_r_reg", 31 0;
v0x130619e80_0 .net/s "y2_i", 15 0, L_0x130629ce0;  alias, 1 drivers
v0x130619f30_0 .var/s "y2_i_reg", 31 0;
v0x130619fe0_0 .net/s "y2_r", 15 0, L_0x130629c00;  alias, 1 drivers
v0x13061a090_0 .var/s "y2_r_reg", 31 0;
L_0x130629a80 .part v0x130619dd0_0, 0, 16;
L_0x130629b40 .part v0x130619c70_0, 0, 16;
L_0x130629c00 .part v0x13061a090_0, 0, 16;
L_0x130629ce0 .part v0x130619f30_0, 0, 16;
S_0x13061a260 .scope generate, "genblk1[6]" "genblk1[6]" 3 98, 3 98 0, S_0x130606560;
 .timescale -9 -12;
P_0x13061a420 .param/l "i" 1 3 98, +C4<0110>;
S_0x13061a4a0 .scope module, "U" "butterfly" 3 100, 4 1 0, S_0x13061a260;
 .timescale 0 0;
    .port_info 0 /INPUT 16 "x1_r";
    .port_info 1 /INPUT 16 "x1_i";
    .port_info 2 /INPUT 16 "x2_r";
    .port_info 3 /INPUT 16 "x2_i";
    .port_info 4 /INPUT 16 "w_r";
    .port_info 5 /INPUT 16 "w_i";
    .port_info 6 /INPUT 1 "clk";
    .port_info 7 /INPUT 1 "start";
    .port_info 8 /OUTPUT 16 "y1_r";
    .port_info 9 /OUTPUT 16 "y1_i";
    .port_info 10 /OUTPUT 16 "y2_r";
    .port_info 11 /OUTPUT 16 "y2_i";
v0x13061a790_0 .net "clk", 0 0, v0x130606720_0;  alias, 1 drivers
v0x13061a820_0 .net "start", 0 0, v0x130629300_0;  alias, 1 drivers
v0x13061a8b0_0 .net/s "w_i", 15 0, v0x1306269f0_0;  alias, 1 drivers
v0x13061a960_0 .net/s "w_r", 15 0, v0x130626af0_0;  alias, 1 drivers
v0x130625760_6 .array/port v0x130625760, 6;
v0x13061a9f0_0 .net/s "x1_i", 15 0, v0x130625760_6;  1 drivers
v0x1306258b0_6 .array/port v0x1306258b0, 6;
v0x13061aae0_0 .net/s "x1_r", 15 0, v0x1306258b0_6;  1 drivers
v0x130625760_7 .array/port v0x130625760, 7;
v0x13061ab90_0 .net/s "x2_i", 15 0, v0x130625760_7;  1 drivers
v0x1306258b0_7 .array/port v0x1306258b0, 7;
v0x13061ac40_0 .net/s "x2_r", 15 0, v0x1306258b0_7;  1 drivers
v0x13061acf0_0 .net/s "y1_i", 15 0, L_0x130629e60;  alias, 1 drivers
v0x13061ae00_0 .var/s "y1_i_reg", 31 0;
v0x13061aeb0_0 .net/s "y1_r", 15 0, L_0x130629da0;  alias, 1 drivers
v0x13061af60_0 .var/s "y1_r_reg", 31 0;
v0x13061b010_0 .net/s "y2_i", 15 0, L_0x13062a000;  alias, 1 drivers
v0x13061b0c0_0 .var/s "y2_i_reg", 31 0;
v0x13061b170_0 .net/s "y2_r", 15 0, L_0x130629f20;  alias, 1 drivers
v0x13061b220_0 .var/s "y2_r_reg", 31 0;
L_0x130629da0 .part v0x13061af60_0, 0, 16;
L_0x130629e60 .part v0x13061ae00_0, 0, 16;
L_0x130629f20 .part v0x13061b220_0, 0, 16;
L_0x13062a000 .part v0x13061b0c0_0, 0, 16;
S_0x13061b3f0 .scope generate, "genblk2[0]" "genblk2[0]" 3 107, 3 107 0, S_0x130606560;
 .timescale -9 -12;
P_0x13061a610 .param/l "i" 1 3 107, +C4<00>;
S_0x13061b630 .scope generate, "genblk1" "genblk1" 3 108, 3 108 0, S_0x13061b3f0;
 .timescale -9 -12;
S_0x13061b7f0 .scope module, "U" "butterfly" 3 109, 4 1 0, S_0x13061b630;
 .timescale 0 0;
    .port_info 0 /INPUT 16 "x1_r";
    .port_info 1 /INPUT 16 "x1_i";
    .port_info 2 /INPUT 16 "x2_r";
    .port_info 3 /INPUT 16 "x2_i";
    .port_info 4 /INPUT 16 "w_r";
    .port_info 5 /INPUT 16 "w_i";
    .port_info 6 /INPUT 1 "clk";
    .port_info 7 /INPUT 1 "start";
    .port_info 8 /OUTPUT 16 "y1_r";
    .port_info 9 /OUTPUT 16 "y1_i";
    .port_info 10 /OUTPUT 16 "y2_r";
    .port_info 11 /OUTPUT 16 "y2_i";
v0x13061bb30_0 .net "clk", 0 0, v0x130606720_0;  alias, 1 drivers
v0x13061bc40_0 .net "start", 0 0, v0x130629300_0;  alias, 1 drivers
v0x13061bd50_0 .net/s "w_i", 15 0, v0x1306269f0_0;  alias, 1 drivers
v0x13061be60_0 .net/s "w_r", 15 0, v0x130626af0_0;  alias, 1 drivers
v0x13061bf70_0 .net/s "x1_i", 15 0, L_0x130629500;  alias, 1 drivers
v0x13061c000_0 .net/s "x1_r", 15 0, L_0x130629440;  alias, 1 drivers
v0x13061c090_0 .net/s "x2_i", 15 0, L_0x130629820;  alias, 1 drivers
v0x13061c120_0 .net/s "x2_r", 15 0, L_0x130629760;  alias, 1 drivers
v0x13061c1b0_0 .net/s "y1_i", 15 0, L_0x13062a180;  alias, 1 drivers
v0x13061c2c0_0 .var/s "y1_i_reg", 31 0;
v0x13061c350_0 .net/s "y1_r", 15 0, L_0x13062a0c0;  alias, 1 drivers
v0x13061c3e0_0 .var/s "y1_r_reg", 31 0;
v0x13061c490_0 .net/s "y2_i", 15 0, L_0x13062a320;  alias, 1 drivers
v0x13061c540_0 .var/s "y2_i_reg", 31 0;
v0x13061c5f0_0 .net/s "y2_r", 15 0, L_0x13062a240;  alias, 1 drivers
v0x13061c6a0_0 .var/s "y2_r_reg", 31 0;
L_0x13062a0c0 .part v0x13061c3e0_0, 0, 16;
L_0x13062a180 .part v0x13061c2c0_0, 0, 16;
L_0x13062a240 .part v0x13061c6a0_0, 0, 16;
L_0x13062a320 .part v0x13061c540_0, 0, 16;
S_0x13061c870 .scope generate, "genblk2[1]" "genblk2[1]" 3 107, 3 107 0, S_0x130606560;
 .timescale -9 -12;
P_0x13061ca30 .param/l "i" 1 3 107, +C4<01>;
S_0x13061cab0 .scope generate, "genblk1" "genblk1" 3 108, 3 108 0, S_0x13061c870;
 .timescale -9 -12;
S_0x13061cc20 .scope module, "U" "butterfly" 3 113, 4 1 0, S_0x13061cab0;
 .timescale 0 0;
    .port_info 0 /INPUT 16 "x1_r";
    .port_info 1 /INPUT 16 "x1_i";
    .port_info 2 /INPUT 16 "x2_r";
    .port_info 3 /INPUT 16 "x2_i";
    .port_info 4 /INPUT 16 "w_r";
    .port_info 5 /INPUT 16 "w_i";
    .port_info 6 /INPUT 1 "clk";
    .port_info 7 /INPUT 1 "start";
    .port_info 8 /OUTPUT 16 "y1_r";
    .port_info 9 /OUTPUT 16 "y1_i";
    .port_info 10 /OUTPUT 16 "y2_r";
    .port_info 11 /OUTPUT 16 "y2_i";
v0x13061cf60_0 .net "clk", 0 0, v0x130606720_0;  alias, 1 drivers
v0x13061cff0_0 .net "start", 0 0, v0x130629300_0;  alias, 1 drivers
v0x1306269f0_2 .array/port v0x1306269f0, 2;
v0x13061d090_0 .net/s "w_i", 15 0, v0x1306269f0_2;  1 drivers
v0x130626af0_2 .array/port v0x130626af0, 2;
v0x13061d140_0 .net/s "w_r", 15 0, v0x130626af0_2;  1 drivers
v0x13061d1f0_0 .net/s "x1_i", 15 0, L_0x1306296a0;  alias, 1 drivers
v0x13061d2d0_0 .net/s "x1_r", 15 0, L_0x1306295c0;  alias, 1 drivers
v0x13061d380_0 .net/s "x2_i", 15 0, L_0x1306299c0;  alias, 1 drivers
v0x13061d430_0 .net/s "x2_r", 15 0, L_0x1306298e0;  alias, 1 drivers
v0x13061d4e0_0 .net/s "y1_i", 15 0, L_0x13062a4a0;  alias, 1 drivers
v0x13061d600_0 .var/s "y1_i_reg", 31 0;
v0x13061d6b0_0 .net/s "y1_r", 15 0, L_0x13062a3e0;  alias, 1 drivers
v0x13061d760_0 .var/s "y1_r_reg", 31 0;
v0x13061d810_0 .net/s "y2_i", 15 0, L_0x13062a640;  alias, 1 drivers
v0x13061d8c0_0 .var/s "y2_i_reg", 31 0;
v0x13061d970_0 .net/s "y2_r", 15 0, L_0x13062a560;  alias, 1 drivers
v0x13061da20_0 .var/s "y2_r_reg", 31 0;
L_0x13062a3e0 .part v0x13061d760_0, 0, 16;
L_0x13062a4a0 .part v0x13061d600_0, 0, 16;
L_0x13062a560 .part v0x13061da20_0, 0, 16;
L_0x13062a640 .part v0x13061d8c0_0, 0, 16;
S_0x13061dbf0 .scope generate, "genblk2[2]" "genblk2[2]" 3 107, 3 107 0, S_0x130606560;
 .timescale -9 -12;
P_0x13061ddb0 .param/l "i" 1 3 107, +C4<010>;
S_0x13061de30 .scope generate, "genblk1" "genblk1" 3 108, 3 108 0, S_0x13061dbf0;
 .timescale -9 -12;
S_0x13061dfa0 .scope module, "U" "butterfly" 3 109, 4 1 0, S_0x13061de30;
 .timescale 0 0;
    .port_info 0 /INPUT 16 "x1_r";
    .port_info 1 /INPUT 16 "x1_i";
    .port_info 2 /INPUT 16 "x2_r";
    .port_info 3 /INPUT 16 "x2_i";
    .port_info 4 /INPUT 16 "w_r";
    .port_info 5 /INPUT 16 "w_i";
    .port_info 6 /INPUT 1 "clk";
    .port_info 7 /INPUT 1 "start";
    .port_info 8 /OUTPUT 16 "y1_r";
    .port_info 9 /OUTPUT 16 "y1_i";
    .port_info 10 /OUTPUT 16 "y2_r";
    .port_info 11 /OUTPUT 16 "y2_i";
v0x13061e2e0_0 .net "clk", 0 0, v0x130606720_0;  alias, 1 drivers
v0x13061e370_0 .net "start", 0 0, v0x130629300_0;  alias, 1 drivers
v0x13061e410_0 .net/s "w_i", 15 0, v0x1306269f0_0;  alias, 1 drivers
v0x13061e4c0_0 .net/s "w_r", 15 0, v0x130626af0_0;  alias, 1 drivers
v0x13061e550_0 .net/s "x1_i", 15 0, L_0x130629b40;  alias, 1 drivers
v0x13061e630_0 .net/s "x1_r", 15 0, L_0x130629a80;  alias, 1 drivers
v0x13061e6e0_0 .net/s "x2_i", 15 0, L_0x130629e60;  alias, 1 drivers
v0x13061e790_0 .net/s "x2_r", 15 0, L_0x130629da0;  alias, 1 drivers
v0x13061e840_0 .net/s "y1_i", 15 0, L_0x13062a7c0;  alias, 1 drivers
v0x13061e960_0 .var/s "y1_i_reg", 31 0;
v0x13061ea10_0 .net/s "y1_r", 15 0, L_0x13062a700;  alias, 1 drivers
v0x13061eac0_0 .var/s "y1_r_reg", 31 0;
v0x13061eb70_0 .net/s "y2_i", 15 0, L_0x13062a960;  alias, 1 drivers
v0x13061ec20_0 .var/s "y2_i_reg", 31 0;
v0x13061ecd0_0 .net/s "y2_r", 15 0, L_0x13062a880;  alias, 1 drivers
v0x13061ed80_0 .var/s "y2_r_reg", 31 0;
L_0x13062a700 .part v0x13061eac0_0, 0, 16;
L_0x13062a7c0 .part v0x13061e960_0, 0, 16;
L_0x13062a880 .part v0x13061ed80_0, 0, 16;
L_0x13062a960 .part v0x13061ec20_0, 0, 16;
S_0x13061ef50 .scope generate, "genblk2[3]" "genblk2[3]" 3 107, 3 107 0, S_0x130606560;
 .timescale -9 -12;
P_0x13061f110 .param/l "i" 1 3 107, +C4<011>;
S_0x13061f190 .scope generate, "genblk1" "genblk1" 3 108, 3 108 0, S_0x13061ef50;
 .timescale -9 -12;
S_0x13061f300 .scope module, "U" "butterfly" 3 113, 4 1 0, S_0x13061f190;
 .timescale 0 0;
    .port_info 0 /INPUT 16 "x1_r";
    .port_info 1 /INPUT 16 "x1_i";
    .port_info 2 /INPUT 16 "x2_r";
    .port_info 3 /INPUT 16 "x2_i";
    .port_info 4 /INPUT 16 "w_r";
    .port_info 5 /INPUT 16 "w_i";
    .port_info 6 /INPUT 1 "clk";
    .port_info 7 /INPUT 1 "start";
    .port_info 8 /OUTPUT 16 "y1_r";
    .port_info 9 /OUTPUT 16 "y1_i";
    .port_info 10 /OUTPUT 16 "y2_r";
    .port_info 11 /OUTPUT 16 "y2_i";
v0x13061f640_0 .net "clk", 0 0, v0x130606720_0;  alias, 1 drivers
v0x13061f6d0_0 .net "start", 0 0, v0x130629300_0;  alias, 1 drivers
v0x13061f770_0 .net/s "w_i", 15 0, v0x1306269f0_2;  alias, 1 drivers
v0x13061f840_0 .net/s "w_r", 15 0, v0x130626af0_2;  alias, 1 drivers
v0x13061f8f0_0 .net/s "x1_i", 15 0, L_0x130629ce0;  alias, 1 drivers
v0x13061f9c0_0 .net/s "x1_r", 15 0, L_0x130629c00;  alias, 1 drivers
v0x13061fa70_0 .net/s "x2_i", 15 0, L_0x13062a000;  alias, 1 drivers
v0x13061fb20_0 .net/s "x2_r", 15 0, L_0x130629f20;  alias, 1 drivers
v0x13061fbd0_0 .net/s "y1_i", 15 0, L_0x13062aae0;  alias, 1 drivers
v0x13061fce0_0 .var/s "y1_i_reg", 31 0;
v0x13061fd90_0 .net/s "y1_r", 15 0, L_0x13062aa20;  alias, 1 drivers
v0x13061fe40_0 .var/s "y1_r_reg", 31 0;
v0x13061fef0_0 .net/s "y2_i", 15 0, L_0x13062ac80;  alias, 1 drivers
v0x13061ffa0_0 .var/s "y2_i_reg", 31 0;
v0x130620050_0 .net/s "y2_r", 15 0, L_0x13062aba0;  alias, 1 drivers
v0x130620100_0 .var/s "y2_r_reg", 31 0;
L_0x13062aa20 .part v0x13061fe40_0, 0, 16;
L_0x13062aae0 .part v0x13061fce0_0, 0, 16;
L_0x13062aba0 .part v0x130620100_0, 0, 16;
L_0x13062ac80 .part v0x13061ffa0_0, 0, 16;
S_0x1306202d0 .scope generate, "genblk3[0]" "genblk3[0]" 3 121, 3 121 0, S_0x130606560;
 .timescale -9 -12;
P_0x13061b5b0 .param/l "i" 1 3 121, +C4<00>;
S_0x130620510 .scope module, "U" "butterfly" 3 122, 4 1 0, S_0x1306202d0;
 .timescale 0 0;
    .port_info 0 /INPUT 16 "x1_r";
    .port_info 1 /INPUT 16 "x1_i";
    .port_info 2 /INPUT 16 "x2_r";
    .port_info 3 /INPUT 16 "x2_i";
    .port_info 4 /INPUT 16 "w_r";
    .port_info 5 /INPUT 16 "w_i";
    .port_info 6 /INPUT 1 "clk";
    .port_info 7 /INPUT 1 "start";
    .port_info 8 /OUTPUT 16 "y1_r";
    .port_info 9 /OUTPUT 16 "y1_i";
    .port_info 10 /OUTPUT 16 "y2_r";
    .port_info 11 /OUTPUT 16 "y2_i";
v0x130620850_0 .net "clk", 0 0, v0x130606720_0;  alias, 1 drivers
v0x1306209e0_0 .net "start", 0 0, v0x130629300_0;  alias, 1 drivers
v0x130620b70_0 .net/s "w_i", 15 0, v0x1306269f0_0;  alias, 1 drivers
v0x130620c00_0 .net/s "w_r", 15 0, v0x130626af0_0;  alias, 1 drivers
v0x130620c90_0 .net/s "x1_i", 15 0, L_0x13062a180;  alias, 1 drivers
v0x130620d20_0 .net/s "x1_r", 15 0, L_0x13062a0c0;  alias, 1 drivers
v0x130620db0_0 .net/s "x2_i", 15 0, L_0x13062a7c0;  alias, 1 drivers
v0x130620e40_0 .net/s "x2_r", 15 0, L_0x13062a700;  alias, 1 drivers
v0x130620ed0_0 .net/s "y1_i", 15 0, L_0x13062ae20;  alias, 1 drivers
v0x130620fe0_0 .var/s "y1_i_reg", 31 0;
v0x130621070_0 .net/s "y1_r", 15 0, L_0x13062ad40;  alias, 1 drivers
v0x130621110_0 .var/s "y1_r_reg", 31 0;
v0x1306211c0_0 .net/s "y2_i", 15 0, L_0x13062b000;  alias, 1 drivers
v0x130621270_0 .var/s "y2_i_reg", 31 0;
v0x130621320_0 .net/s "y2_r", 15 0, L_0x13062af00;  alias, 1 drivers
v0x1306213d0_0 .var/s "y2_r_reg", 31 0;
L_0x13062ad40 .part v0x130621110_0, 0, 16;
L_0x13062ae20 .part v0x130620fe0_0, 0, 16;
L_0x13062af00 .part v0x1306213d0_0, 0, 16;
L_0x13062b000 .part v0x130621270_0, 0, 16;
S_0x1306215a0 .scope generate, "genblk3[1]" "genblk3[1]" 3 121, 3 121 0, S_0x130606560;
 .timescale -9 -12;
P_0x130621760 .param/l "i" 1 3 121, +C4<01>;
S_0x1306217e0 .scope module, "U" "butterfly" 3 122, 4 1 0, S_0x1306215a0;
 .timescale 0 0;
    .port_info 0 /INPUT 16 "x1_r";
    .port_info 1 /INPUT 16 "x1_i";
    .port_info 2 /INPUT 16 "x2_r";
    .port_info 3 /INPUT 16 "x2_i";
    .port_info 4 /INPUT 16 "w_r";
    .port_info 5 /INPUT 16 "w_i";
    .port_info 6 /INPUT 1 "clk";
    .port_info 7 /INPUT 1 "start";
    .port_info 8 /OUTPUT 16 "y1_r";
    .port_info 9 /OUTPUT 16 "y1_i";
    .port_info 10 /OUTPUT 16 "y2_r";
    .port_info 11 /OUTPUT 16 "y2_i";
v0x130621ad0_0 .net "clk", 0 0, v0x130606720_0;  alias, 1 drivers
v0x130621b60_0 .net "start", 0 0, v0x130629300_0;  alias, 1 drivers
v0x1306269f0_1 .array/port v0x1306269f0, 1;
v0x130621bf0_0 .net/s "w_i", 15 0, v0x1306269f0_1;  1 drivers
v0x130626af0_1 .array/port v0x130626af0, 1;
v0x130621ca0_0 .net/s "w_r", 15 0, v0x130626af0_1;  1 drivers
v0x130621d50_0 .net/s "x1_i", 15 0, L_0x13062a4a0;  alias, 1 drivers
v0x130621e30_0 .net/s "x1_r", 15 0, L_0x13062a3e0;  alias, 1 drivers
v0x130621ee0_0 .net/s "x2_i", 15 0, L_0x13062aae0;  alias, 1 drivers
v0x130621f90_0 .net/s "x2_r", 15 0, L_0x13062aa20;  alias, 1 drivers
v0x130622040_0 .net/s "y1_i", 15 0, L_0x13062b1c0;  alias, 1 drivers
v0x130622160_0 .var/s "y1_i_reg", 31 0;
v0x130622210_0 .net/s "y1_r", 15 0, L_0x13062b0e0;  alias, 1 drivers
v0x1306222c0_0 .var/s "y1_r_reg", 31 0;
v0x130622370_0 .net/s "y2_i", 15 0, L_0x13062b3a0;  alias, 1 drivers
v0x130622420_0 .var/s "y2_i_reg", 31 0;
v0x1306224d0_0 .net/s "y2_r", 15 0, L_0x13062b2a0;  alias, 1 drivers
v0x130622580_0 .var/s "y2_r_reg", 31 0;
L_0x13062b0e0 .part v0x1306222c0_0, 0, 16;
L_0x13062b1c0 .part v0x130622160_0, 0, 16;
L_0x13062b2a0 .part v0x130622580_0, 0, 16;
L_0x13062b3a0 .part v0x130622420_0, 0, 16;
S_0x130622750 .scope generate, "genblk3[2]" "genblk3[2]" 3 121, 3 121 0, S_0x130606560;
 .timescale -9 -12;
P_0x130622910 .param/l "i" 1 3 121, +C4<010>;
S_0x130622990 .scope module, "U" "butterfly" 3 122, 4 1 0, S_0x130622750;
 .timescale 0 0;
    .port_info 0 /INPUT 16 "x1_r";
    .port_info 1 /INPUT 16 "x1_i";
    .port_info 2 /INPUT 16 "x2_r";
    .port_info 3 /INPUT 16 "x2_i";
    .port_info 4 /INPUT 16 "w_r";
    .port_info 5 /INPUT 16 "w_i";
    .port_info 6 /INPUT 1 "clk";
    .port_info 7 /INPUT 1 "start";
    .port_info 8 /OUTPUT 16 "y1_r";
    .port_info 9 /OUTPUT 16 "y1_i";
    .port_info 10 /OUTPUT 16 "y2_r";
    .port_info 11 /OUTPUT 16 "y2_i";
v0x130622c80_0 .net "clk", 0 0, v0x130606720_0;  alias, 1 drivers
v0x130622d10_0 .net "start", 0 0, v0x130629300_0;  alias, 1 drivers
v0x130622da0_0 .net/s "w_i", 15 0, v0x1306269f0_2;  alias, 1 drivers
v0x130622e90_0 .net/s "w_r", 15 0, v0x130626af0_2;  alias, 1 drivers
v0x130622f60_0 .net/s "x1_i", 15 0, L_0x13062a320;  alias, 1 drivers
v0x130623030_0 .net/s "x1_r", 15 0, L_0x13062a240;  alias, 1 drivers
v0x1306230c0_0 .net/s "x2_i", 15 0, L_0x13062a960;  alias, 1 drivers
v0x130623170_0 .net/s "x2_r", 15 0, L_0x13062a880;  alias, 1 drivers
v0x130623220_0 .net/s "y1_i", 15 0, L_0x13062b560;  alias, 1 drivers
v0x130623330_0 .var/s "y1_i_reg", 31 0;
v0x1306233e0_0 .net/s "y1_r", 15 0, L_0x13062b480;  alias, 1 drivers
v0x130623490_0 .var/s "y1_r_reg", 31 0;
v0x130623540_0 .net/s "y2_i", 15 0, L_0x13062b740;  alias, 1 drivers
v0x1306235f0_0 .var/s "y2_i_reg", 31 0;
v0x1306236a0_0 .net/s "y2_r", 15 0, L_0x13062b640;  alias, 1 drivers
v0x130623750_0 .var/s "y2_r_reg", 31 0;
L_0x13062b480 .part v0x130623490_0, 0, 16;
L_0x13062b560 .part v0x130623330_0, 0, 16;
L_0x13062b640 .part v0x130623750_0, 0, 16;
L_0x13062b740 .part v0x1306235f0_0, 0, 16;
S_0x130623920 .scope generate, "genblk3[3]" "genblk3[3]" 3 121, 3 121 0, S_0x130606560;
 .timescale -9 -12;
P_0x130623ae0 .param/l "i" 1 3 121, +C4<011>;
S_0x130623b60 .scope module, "U" "butterfly" 3 122, 4 1 0, S_0x130623920;
 .timescale 0 0;
    .port_info 0 /INPUT 16 "x1_r";
    .port_info 1 /INPUT 16 "x1_i";
    .port_info 2 /INPUT 16 "x2_r";
    .port_info 3 /INPUT 16 "x2_i";
    .port_info 4 /INPUT 16 "w_r";
    .port_info 5 /INPUT 16 "w_i";
    .port_info 6 /INPUT 1 "clk";
    .port_info 7 /INPUT 1 "start";
    .port_info 8 /OUTPUT 16 "y1_r";
    .port_info 9 /OUTPUT 16 "y1_i";
    .port_info 10 /OUTPUT 16 "y2_r";
    .port_info 11 /OUTPUT 16 "y2_i";
v0x130623e50_0 .net "clk", 0 0, v0x130606720_0;  alias, 1 drivers
v0x130623ee0_0 .net "start", 0 0, v0x130629300_0;  alias, 1 drivers
v0x1306269f0_3 .array/port v0x1306269f0, 3;
v0x130623f70_0 .net/s "w_i", 15 0, v0x1306269f0_3;  1 drivers
v0x130626af0_3 .array/port v0x130626af0, 3;
v0x130624020_0 .net/s "w_r", 15 0, v0x130626af0_3;  1 drivers
v0x1306240d0_0 .net/s "x1_i", 15 0, L_0x13062a640;  alias, 1 drivers
v0x1306241b0_0 .net/s "x1_r", 15 0, L_0x13062a560;  alias, 1 drivers
v0x130624260_0 .net/s "x2_i", 15 0, L_0x13062ac80;  alias, 1 drivers
v0x130624310_0 .net/s "x2_r", 15 0, L_0x13062aba0;  alias, 1 drivers
v0x1306243c0_0 .net/s "y1_i", 15 0, L_0x13062b900;  alias, 1 drivers
v0x1306244e0_0 .var/s "y1_i_reg", 31 0;
v0x130624590_0 .net/s "y1_r", 15 0, L_0x13062b820;  alias, 1 drivers
v0x130624640_0 .var/s "y1_r_reg", 31 0;
v0x1306246f0_0 .net/s "y2_i", 15 0, L_0x13062bae0;  alias, 1 drivers
v0x1306247a0_0 .var/s "y2_i_reg", 31 0;
v0x130624850_0 .net/s "y2_r", 15 0, L_0x13062b9e0;  alias, 1 drivers
v0x130624900_0 .var/s "y2_r_reg", 31 0;
L_0x13062b820 .part v0x130624640_0, 0, 16;
L_0x13062b900 .part v0x1306244e0_0, 0, 16;
L_0x13062b9e0 .part v0x130624900_0, 0, 16;
L_0x13062bae0 .part v0x1306247a0_0, 0, 16;
    .scope S_0x130606e30;
T_0 ;
    %wait E_0x130607170;
    %load/vec4 v0x130617260_0;
    %pad/u 32;
    %cmpi/e 1, 0, 32;
    %jmp/0xz  T_0.0, 4;
    %load/vec4 v0x130617560_0;
    %pad/s 32;
    %load/vec4 v0x1306176c0_0;
    %pad/s 32;
    %load/vec4 v0x1306173c0_0;
    %pad/s 32;
    %mul;
    %ix/load 4, 8, 0;
    %flag_set/imm 4, 0;
    %shiftr 4;
    %add;
    %load/vec4 v0x130617610_0;
    %pad/s 32;
    %load/vec4 v0x130617300_0;
    %pad/s 32;
    %mul;
    %ix/load 4, 8, 0;
    %flag_set/imm 4, 0;
    %shiftr 4;
    %sub;
    %store/vec4 v0x1306179e0_0, 0, 32;
    %load/vec4 v0x130617470_0;
    %pad/s 32;
    %load/vec4 v0x1306173c0_0;
    %pad/s 32;
    %load/vec4 v0x130617610_0;
    %pad/s 32;
    %mul;
    %ix/load 4, 8, 0;
    %flag_set/imm 4, 0;
    %shiftr 4;
    %add;
    %load/vec4 v0x1306176c0_0;
    %pad/s 32;
    %load/vec4 v0x130617300_0;
    %pad/s 32;
    %mul;
    %ix/load 4, 8, 0;
    %flag_set/imm 4, 0;
    %shiftr 4;
    %add;
    %store/vec4 v0x130617880_0, 0, 32;
    %load/vec4 v0x130617560_0;
    %pad/s 32;
    %load/vec4 v0x130617300_0;
    %pad/s 32;
    %load/vec4 v0x130617610_0;
    %pad/s 32;
    %mul;
    %ix/load 4, 8, 0;
    %flag_set/imm 4, 0;
    %shiftr 4;
    %add;
    %load/vec4 v0x1306173c0_0;
    %pad/s 32;
    %load/vec4 v0x1306176c0_0;
    %pad/s 32;
    %mul;
    %ix/load 4, 8, 0;
    %flag_set/imm 4, 0;
    %shiftr 4;
    %sub;
    %store/vec4 v0x130617ca0_0, 0, 32;
    %load/vec4 v0x130617470_0;
    %pad/s 32;
    %load/vec4 v0x1306173c0_0;
    %pad/s 32;
    %load/vec4 v0x130617610_0;
    %pad/s 32;
    %mul;
    %ix/load 4, 8, 0;
    %flag_set/imm 4, 0;
    %shiftr 4;
    %sub;
    %load/vec4 v0x1306176c0_0;
    %pad/s 32;
    %load/vec4 v0x130617300_0;
    %pad/s 32;
    %mul;
    %ix/load 4, 8, 0;
    %flag_set/imm 4, 0;
    %shiftr 4;
    %sub;
    %store/vec4 v0x130617b40_0, 0, 32;
    %jmp T_0.1;
T_0.0 ;
    %pushi/vec4 0, 0, 32;
    %store/vec4 v0x1306179e0_0, 0, 32;
    %pushi/vec4 0, 0, 32;
    %store/vec4 v0x130617880_0, 0, 32;
    %pushi/vec4 0, 0, 32;
    %store/vec4 v0x130617ca0_0, 0, 32;
    %pushi/vec4 0, 0, 32;
    %store/vec4 v0x130617b40_0, 0, 32;
T_0.1 ;
    %jmp T_0;
    .thread T_0;
    .scope S_0x130618070;
T_1 ;
    %wait E_0x130607170;
    %load/vec4 v0x130618440_0;
    %pad/u 32;
    %cmpi/e 1, 0, 32;
    %jmp/0xz  T_1.0, 4;
    %load/vec4 v0x130618740_0;
    %pad/s 32;
    %load/vec4 v0x130618890_0;
    %pad/s 32;
    %load/vec4 v0x1306185c0_0;
    %pad/s 32;
    %mul;
    %ix/load 4, 8, 0;
    %flag_set/imm 4, 0;
    %shiftr 4;
    %add;
    %load/vec4 v0x1306187e0_0;
    %pad/s 32;
    %load/vec4 v0x1306184f0_0;
    %pad/s 32;
    %mul;
    %ix/load 4, 8, 0;
    %flag_set/imm 4, 0;
    %shiftr 4;
    %sub;
    %store/vec4 v0x130618bb0_0, 0, 32;
    %load/vec4 v0x130618670_0;
    %pad/s 32;
    %load/vec4 v0x1306185c0_0;
    %pad/s 32;
    %load/vec4 v0x1306187e0_0;
    %pad/s 32;
    %mul;
    %ix/load 4, 8, 0;
    %flag_set/imm 4, 0;
    %shiftr 4;
    %add;
    %load/vec4 v0x130618890_0;
    %pad/s 32;
    %load/vec4 v0x1306184f0_0;
    %pad/s 32;
    %mul;
    %ix/load 4, 8, 0;
    %flag_set/imm 4, 0;
    %shiftr 4;
    %add;
    %store/vec4 v0x130618a50_0, 0, 32;
    %load/vec4 v0x130618740_0;
    %pad/s 32;
    %load/vec4 v0x1306184f0_0;
    %pad/s 32;
    %load/vec4 v0x1306187e0_0;
    %pad/s 32;
    %mul;
    %ix/load 4, 8, 0;
    %flag_set/imm 4, 0;
    %shiftr 4;
    %add;
    %load/vec4 v0x1306185c0_0;
    %pad/s 32;
    %load/vec4 v0x130618890_0;
    %pad/s 32;
    %mul;
    %ix/load 4, 8, 0;
    %flag_set/imm 4, 0;
    %shiftr 4;
    %sub;
    %store/vec4 v0x130618e70_0, 0, 32;
    %load/vec4 v0x130618670_0;
    %pad/s 32;
    %load/vec4 v0x1306185c0_0;
    %pad/s 32;
    %load/vec4 v0x1306187e0_0;
    %pad/s 32;
    %mul;
    %ix/load 4, 8, 0;
    %flag_set/imm 4, 0;
    %shiftr 4;
    %sub;
    %load/vec4 v0x130618890_0;
    %pad/s 32;
    %load/vec4 v0x1306184f0_0;
    %pad/s 32;
    %mul;
    %ix/load 4, 8, 0;
    %flag_set/imm 4, 0;
    %shiftr 4;
    %sub;
    %store/vec4 v0x130618d10_0, 0, 32;
    %jmp T_1.1;
T_1.0 ;
    %pushi/vec4 0, 0, 32;
    %store/vec4 v0x130618bb0_0, 0, 32;
    %pushi/vec4 0, 0, 32;
    %store/vec4 v0x130618a50_0, 0, 32;
    %pushi/vec4 0, 0, 32;
    %store/vec4 v0x130618e70_0, 0, 32;
    %pushi/vec4 0, 0, 32;
    %store/vec4 v0x130618d10_0, 0, 32;
T_1.1 ;
    %jmp T_1;
    .thread T_1;
    .scope S_0x130619240;
T_2 ;
    %wait E_0x130607170;
    %load/vec4 v0x130619650_0;
    %pad/u 32;
    %cmpi/e 1, 0, 32;
    %jmp/0xz  T_2.0, 4;
    %load/vec4 v0x130619990_0;
    %pad/s 32;
    %load/vec4 v0x130619ab0_0;
    %pad/s 32;
    %load/vec4 v0x1306197f0_0;
    %pad/s 32;
    %mul;
    %ix/load 4, 8, 0;
    %flag_set/imm 4, 0;
    %shiftr 4;
    %add;
    %load/vec4 v0x130619a20_0;
    %pad/s 32;
    %load/vec4 v0x130619720_0;
    %pad/s 32;
    %mul;
    %ix/load 4, 8, 0;
    %flag_set/imm 4, 0;
    %shiftr 4;
    %sub;
    %store/vec4 v0x130619dd0_0, 0, 32;
    %load/vec4 v0x1306198c0_0;
    %pad/s 32;
    %load/vec4 v0x1306197f0_0;
    %pad/s 32;
    %load/vec4 v0x130619a20_0;
    %pad/s 32;
    %mul;
    %ix/load 4, 8, 0;
    %flag_set/imm 4, 0;
    %shiftr 4;
    %add;
    %load/vec4 v0x130619ab0_0;
    %pad/s 32;
    %load/vec4 v0x130619720_0;
    %pad/s 32;
    %mul;
    %ix/load 4, 8, 0;
    %flag_set/imm 4, 0;
    %shiftr 4;
    %add;
    %store/vec4 v0x130619c70_0, 0, 32;
    %load/vec4 v0x130619990_0;
    %pad/s 32;
    %load/vec4 v0x130619720_0;
    %pad/s 32;
    %load/vec4 v0x130619a20_0;
    %pad/s 32;
    %mul;
    %ix/load 4, 8, 0;
    %flag_set/imm 4, 0;
    %shiftr 4;
    %add;
    %load/vec4 v0x1306197f0_0;
    %pad/s 32;
    %load/vec4 v0x130619ab0_0;
    %pad/s 32;
    %mul;
    %ix/load 4, 8, 0;
    %flag_set/imm 4, 0;
    %shiftr 4;
    %sub;
    %store/vec4 v0x13061a090_0, 0, 32;
    %load/vec4 v0x1306198c0_0;
    %pad/s 32;
    %load/vec4 v0x1306197f0_0;
    %pad/s 32;
    %load/vec4 v0x130619a20_0;
    %pad/s 32;
    %mul;
    %ix/load 4, 8, 0;
    %flag_set/imm 4, 0;
    %shiftr 4;
    %sub;
    %load/vec4 v0x130619ab0_0;
    %pad/s 32;
    %load/vec4 v0x130619720_0;
    %pad/s 32;
    %mul;
    %ix/load 4, 8, 0;
    %flag_set/imm 4, 0;
    %shiftr 4;
    %sub;
    %store/vec4 v0x130619f30_0, 0, 32;
    %jmp T_2.1;
T_2.0 ;
    %pushi/vec4 0, 0, 32;
    %store/vec4 v0x130619dd0_0, 0, 32;
    %pushi/vec4 0, 0, 32;
    %store/vec4 v0x130619c70_0, 0, 32;
    %pushi/vec4 0, 0, 32;
    %store/vec4 v0x13061a090_0, 0, 32;
    %pushi/vec4 0, 0, 32;
    %store/vec4 v0x130619f30_0, 0, 32;
T_2.1 ;
    %jmp T_2;
    .thread T_2;
    .scope S_0x13061a4a0;
T_3 ;
    %wait E_0x130607170;
    %load/vec4 v0x13061a820_0;
    %pad/u 32;
    %cmpi/e 1, 0, 32;
    %jmp/0xz  T_3.0, 4;
    %load/vec4 v0x13061aae0_0;
    %pad/s 32;
    %load/vec4 v0x13061ac40_0;
    %pad/s 32;
    %load/vec4 v0x13061a960_0;
    %pad/s 32;
    %mul;
    %ix/load 4, 8, 0;
    %flag_set/imm 4, 0;
    %shiftr 4;
    %add;
    %load/vec4 v0x13061ab90_0;
    %pad/s 32;
    %load/vec4 v0x13061a8b0_0;
    %pad/s 32;
    %mul;
    %ix/load 4, 8, 0;
    %flag_set/imm 4, 0;
    %shiftr 4;
    %sub;
    %store/vec4 v0x13061af60_0, 0, 32;
    %load/vec4 v0x13061a9f0_0;
    %pad/s 32;
    %load/vec4 v0x13061a960_0;
    %pad/s 32;
    %load/vec4 v0x13061ab90_0;
    %pad/s 32;
    %mul;
    %ix/load 4, 8, 0;
    %flag_set/imm 4, 0;
    %shiftr 4;
    %add;
    %load/vec4 v0x13061ac40_0;
    %pad/s 32;
    %load/vec4 v0x13061a8b0_0;
    %pad/s 32;
    %mul;
    %ix/load 4, 8, 0;
    %flag_set/imm 4, 0;
    %shiftr 4;
    %add;
    %store/vec4 v0x13061ae00_0, 0, 32;
    %load/vec4 v0x13061aae0_0;
    %pad/s 32;
    %load/vec4 v0x13061a8b0_0;
    %pad/s 32;
    %load/vec4 v0x13061ab90_0;
    %pad/s 32;
    %mul;
    %ix/load 4, 8, 0;
    %flag_set/imm 4, 0;
    %shiftr 4;
    %add;
    %load/vec4 v0x13061a960_0;
    %pad/s 32;
    %load/vec4 v0x13061ac40_0;
    %pad/s 32;
    %mul;
    %ix/load 4, 8, 0;
    %flag_set/imm 4, 0;
    %shiftr 4;
    %sub;
    %store/vec4 v0x13061b220_0, 0, 32;
    %load/vec4 v0x13061a9f0_0;
    %pad/s 32;
    %load/vec4 v0x13061a960_0;
    %pad/s 32;
    %load/vec4 v0x13061ab90_0;
    %pad/s 32;
    %mul;
    %ix/load 4, 8, 0;
    %flag_set/imm 4, 0;
    %shiftr 4;
    %sub;
    %load/vec4 v0x13061ac40_0;
    %pad/s 32;
    %load/vec4 v0x13061a8b0_0;
    %pad/s 32;
    %mul;
    %ix/load 4, 8, 0;
    %flag_set/imm 4, 0;
    %shiftr 4;
    %sub;
    %store/vec4 v0x13061b0c0_0, 0, 32;
    %jmp T_3.1;
T_3.0 ;
    %pushi/vec4 0, 0, 32;
    %store/vec4 v0x13061af60_0, 0, 32;
    %pushi/vec4 0, 0, 32;
    %store/vec4 v0x13061ae00_0, 0, 32;
    %pushi/vec4 0, 0, 32;
    %store/vec4 v0x13061b220_0, 0, 32;
    %pushi/vec4 0, 0, 32;
    %store/vec4 v0x13061b0c0_0, 0, 32;
T_3.1 ;
    %jmp T_3;
    .thread T_3;
    .scope S_0x13061b7f0;
T_4 ;
    %wait E_0x130607170;
    %load/vec4 v0x13061bc40_0;
    %pad/u 32;
    %cmpi/e 1, 0, 32;
    %jmp/0xz  T_4.0, 4;
    %load/vec4 v0x13061c000_0;
    %pad/s 32;
    %load/vec4 v0x13061c120_0;
    %pad/s 32;
    %load/vec4 v0x13061be60_0;
    %pad/s 32;
    %mul;
    %ix/load 4, 8, 0;
    %flag_set/imm 4, 0;
    %shiftr 4;
    %add;
    %load/vec4 v0x13061c090_0;
    %pad/s 32;
    %load/vec4 v0x13061bd50_0;
    %pad/s 32;
    %mul;
    %ix/load 4, 8, 0;
    %flag_set/imm 4, 0;
    %shiftr 4;
    %sub;
    %store/vec4 v0x13061c3e0_0, 0, 32;
    %load/vec4 v0x13061bf70_0;
    %pad/s 32;
    %load/vec4 v0x13061be60_0;
    %pad/s 32;
    %load/vec4 v0x13061c090_0;
    %pad/s 32;
    %mul;
    %ix/load 4, 8, 0;
    %flag_set/imm 4, 0;
    %shiftr 4;
    %add;
    %load/vec4 v0x13061c120_0;
    %pad/s 32;
    %load/vec4 v0x13061bd50_0;
    %pad/s 32;
    %mul;
    %ix/load 4, 8, 0;
    %flag_set/imm 4, 0;
    %shiftr 4;
    %add;
    %store/vec4 v0x13061c2c0_0, 0, 32;
    %load/vec4 v0x13061c000_0;
    %pad/s 32;
    %load/vec4 v0x13061bd50_0;
    %pad/s 32;
    %load/vec4 v0x13061c090_0;
    %pad/s 32;
    %mul;
    %ix/load 4, 8, 0;
    %flag_set/imm 4, 0;
    %shiftr 4;
    %add;
    %load/vec4 v0x13061be60_0;
    %pad/s 32;
    %load/vec4 v0x13061c120_0;
    %pad/s 32;
    %mul;
    %ix/load 4, 8, 0;
    %flag_set/imm 4, 0;
    %shiftr 4;
    %sub;
    %store/vec4 v0x13061c6a0_0, 0, 32;
    %load/vec4 v0x13061bf70_0;
    %pad/s 32;
    %load/vec4 v0x13061be60_0;
    %pad/s 32;
    %load/vec4 v0x13061c090_0;
    %pad/s 32;
    %mul;
    %ix/load 4, 8, 0;
    %flag_set/imm 4, 0;
    %shiftr 4;
    %sub;
    %load/vec4 v0x13061c120_0;
    %pad/s 32;
    %load/vec4 v0x13061bd50_0;
    %pad/s 32;
    %mul;
    %ix/load 4, 8, 0;
    %flag_set/imm 4, 0;
    %shiftr 4;
    %sub;
    %store/vec4 v0x13061c540_0, 0, 32;
    %jmp T_4.1;
T_4.0 ;
    %pushi/vec4 0, 0, 32;
    %store/vec4 v0x13061c3e0_0, 0, 32;
    %pushi/vec4 0, 0, 32;
    %store/vec4 v0x13061c2c0_0, 0, 32;
    %pushi/vec4 0, 0, 32;
    %store/vec4 v0x13061c6a0_0, 0, 32;
    %pushi/vec4 0, 0, 32;
    %store/vec4 v0x13061c540_0, 0, 32;
T_4.1 ;
    %jmp T_4;
    .thread T_4;
    .scope S_0x13061cc20;
T_5 ;
    %wait E_0x130607170;
    %load/vec4 v0x13061cff0_0;
    %pad/u 32;
    %cmpi/e 1, 0, 32;
    %jmp/0xz  T_5.0, 4;
    %load/vec4 v0x13061d2d0_0;
    %pad/s 32;
    %load/vec4 v0x13061d430_0;
    %pad/s 32;
    %load/vec4 v0x13061d140_0;
    %pad/s 32;
    %mul;
    %ix/load 4, 8, 0;
    %flag_set/imm 4, 0;
    %shiftr 4;
    %add;
    %load/vec4 v0x13061d380_0;
    %pad/s 32;
    %load/vec4 v0x13061d090_0;
    %pad/s 32;
    %mul;
    %ix/load 4, 8, 0;
    %flag_set/imm 4, 0;
    %shiftr 4;
    %sub;
    %store/vec4 v0x13061d760_0, 0, 32;
    %load/vec4 v0x13061d1f0_0;
    %pad/s 32;
    %load/vec4 v0x13061d140_0;
    %pad/s 32;
    %load/vec4 v0x13061d380_0;
    %pad/s 32;
    %mul;
    %ix/load 4, 8, 0;
    %flag_set/imm 4, 0;
    %shiftr 4;
    %add;
    %load/vec4 v0x13061d430_0;
    %pad/s 32;
    %load/vec4 v0x13061d090_0;
    %pad/s 32;
    %mul;
    %ix/load 4, 8, 0;
    %flag_set/imm 4, 0;
    %shiftr 4;
    %add;
    %store/vec4 v0x13061d600_0, 0, 32;
    %load/vec4 v0x13061d2d0_0;
    %pad/s 32;
    %load/vec4 v0x13061d090_0;
    %pad/s 32;
    %load/vec4 v0x13061d380_0;
    %pad/s 32;
    %mul;
    %ix/load 4, 8, 0;
    %flag_set/imm 4, 0;
    %shiftr 4;
    %add;
    %load/vec4 v0x13061d140_0;
    %pad/s 32;
    %load/vec4 v0x13061d430_0;
    %pad/s 32;
    %mul;
    %ix/load 4, 8, 0;
    %flag_set/imm 4, 0;
    %shiftr 4;
    %sub;
    %store/vec4 v0x13061da20_0, 0, 32;
    %load/vec4 v0x13061d1f0_0;
    %pad/s 32;
    %load/vec4 v0x13061d140_0;
    %pad/s 32;
    %load/vec4 v0x13061d380_0;
    %pad/s 32;
    %mul;
    %ix/load 4, 8, 0;
    %flag_set/imm 4, 0;
    %shiftr 4;
    %sub;
    %load/vec4 v0x13061d430_0;
    %pad/s 32;
    %load/vec4 v0x13061d090_0;
    %pad/s 32;
    %mul;
    %ix/load 4, 8, 0;
    %flag_set/imm 4, 0;
    %shiftr 4;
    %sub;
    %store/vec4 v0x13061d8c0_0, 0, 32;
    %jmp T_5.1;
T_5.0 ;
    %pushi/vec4 0, 0, 32;
    %store/vec4 v0x13061d760_0, 0, 32;
    %pushi/vec4 0, 0, 32;
    %store/vec4 v0x13061d600_0, 0, 32;
    %pushi/vec4 0, 0, 32;
    %store/vec4 v0x13061da20_0, 0, 32;
    %pushi/vec4 0, 0, 32;
    %store/vec4 v0x13061d8c0_0, 0, 32;
T_5.1 ;
    %jmp T_5;
    .thread T_5;
    .scope S_0x13061dfa0;
T_6 ;
    %wait E_0x130607170;
    %load/vec4 v0x13061e370_0;
    %pad/u 32;
    %cmpi/e 1, 0, 32;
    %jmp/0xz  T_6.0, 4;
    %load/vec4 v0x13061e630_0;
    %pad/s 32;
    %load/vec4 v0x13061e790_0;
    %pad/s 32;
    %load/vec4 v0x13061e4c0_0;
    %pad/s 32;
    %mul;
    %ix/load 4, 8, 0;
    %flag_set/imm 4, 0;
    %shiftr 4;
    %add;
    %load/vec4 v0x13061e6e0_0;
    %pad/s 32;
    %load/vec4 v0x13061e410_0;
    %pad/s 32;
    %mul;
    %ix/load 4, 8, 0;
    %flag_set/imm 4, 0;
    %shiftr 4;
    %sub;
    %store/vec4 v0x13061eac0_0, 0, 32;
    %load/vec4 v0x13061e550_0;
    %pad/s 32;
    %load/vec4 v0x13061e4c0_0;
    %pad/s 32;
    %load/vec4 v0x13061e6e0_0;
    %pad/s 32;
    %mul;
    %ix/load 4, 8, 0;
    %flag_set/imm 4, 0;
    %shiftr 4;
    %add;
    %load/vec4 v0x13061e790_0;
    %pad/s 32;
    %load/vec4 v0x13061e410_0;
    %pad/s 32;
    %mul;
    %ix/load 4, 8, 0;
    %flag_set/imm 4, 0;
    %shiftr 4;
    %add;
    %store/vec4 v0x13061e960_0, 0, 32;
    %load/vec4 v0x13061e630_0;
    %pad/s 32;
    %load/vec4 v0x13061e410_0;
    %pad/s 32;
    %load/vec4 v0x13061e6e0_0;
    %pad/s 32;
    %mul;
    %ix/load 4, 8, 0;
    %flag_set/imm 4, 0;
    %shiftr 4;
    %add;
    %load/vec4 v0x13061e4c0_0;
    %pad/s 32;
    %load/vec4 v0x13061e790_0;
    %pad/s 32;
    %mul;
    %ix/load 4, 8, 0;
    %flag_set/imm 4, 0;
    %shiftr 4;
    %sub;
    %store/vec4 v0x13061ed80_0, 0, 32;
    %load/vec4 v0x13061e550_0;
    %pad/s 32;
    %load/vec4 v0x13061e4c0_0;
    %pad/s 32;
    %load/vec4 v0x13061e6e0_0;
    %pad/s 32;
    %mul;
    %ix/load 4, 8, 0;
    %flag_set/imm 4, 0;
    %shiftr 4;
    %sub;
    %load/vec4 v0x13061e790_0;
    %pad/s 32;
    %load/vec4 v0x13061e410_0;
    %pad/s 32;
    %mul;
    %ix/load 4, 8, 0;
    %flag_set/imm 4, 0;
    %shiftr 4;
    %sub;
    %store/vec4 v0x13061ec20_0, 0, 32;
    %jmp T_6.1;
T_6.0 ;
    %pushi/vec4 0, 0, 32;
    %store/vec4 v0x13061eac0_0, 0, 32;
    %pushi/vec4 0, 0, 32;
    %store/vec4 v0x13061e960_0, 0, 32;
    %pushi/vec4 0, 0, 32;
    %store/vec4 v0x13061ed80_0, 0, 32;
    %pushi/vec4 0, 0, 32;
    %store/vec4 v0x13061ec20_0, 0, 32;
T_6.1 ;
    %jmp T_6;
    .thread T_6;
    .scope S_0x13061f300;
T_7 ;
    %wait E_0x130607170;
    %load/vec4 v0x13061f6d0_0;
    %pad/u 32;
    %cmpi/e 1, 0, 32;
    %jmp/0xz  T_7.0, 4;
    %load/vec4 v0x13061f9c0_0;
    %pad/s 32;
    %load/vec4 v0x13061fb20_0;
    %pad/s 32;
    %load/vec4 v0x13061f840_0;
    %pad/s 32;
    %mul;
    %ix/load 4, 8, 0;
    %flag_set/imm 4, 0;
    %shiftr 4;
    %add;
    %load/vec4 v0x13061fa70_0;
    %pad/s 32;
    %load/vec4 v0x13061f770_0;
    %pad/s 32;
    %mul;
    %ix/load 4, 8, 0;
    %flag_set/imm 4, 0;
    %shiftr 4;
    %sub;
    %store/vec4 v0x13061fe40_0, 0, 32;
    %load/vec4 v0x13061f8f0_0;
    %pad/s 32;
    %load/vec4 v0x13061f840_0;
    %pad/s 32;
    %load/vec4 v0x13061fa70_0;
    %pad/s 32;
    %mul;
    %ix/load 4, 8, 0;
    %flag_set/imm 4, 0;
    %shiftr 4;
    %add;
    %load/vec4 v0x13061fb20_0;
    %pad/s 32;
    %load/vec4 v0x13061f770_0;
    %pad/s 32;
    %mul;
    %ix/load 4, 8, 0;
    %flag_set/imm 4, 0;
    %shiftr 4;
    %add;
    %store/vec4 v0x13061fce0_0, 0, 32;
    %load/vec4 v0x13061f9c0_0;
    %pad/s 32;
    %load/vec4 v0x13061f770_0;
    %pad/s 32;
    %load/vec4 v0x13061fa70_0;
    %pad/s 32;
    %mul;
    %ix/load 4, 8, 0;
    %flag_set/imm 4, 0;
    %shiftr 4;
    %add;
    %load/vec4 v0x13061f840_0;
    %pad/s 32;
    %load/vec4 v0x13061fb20_0;
    %pad/s 32;
    %mul;
    %ix/load 4, 8, 0;
    %flag_set/imm 4, 0;
    %shiftr 4;
    %sub;
    %store/vec4 v0x130620100_0, 0, 32;
    %load/vec4 v0x13061f8f0_0;
    %pad/s 32;
    %load/vec4 v0x13061f840_0;
    %pad/s 32;
    %load/vec4 v0x13061fa70_0;
    %pad/s 32;
    %mul;
    %ix/load 4, 8, 0;
    %flag_set/imm 4, 0;
    %shiftr 4;
    %sub;
    %load/vec4 v0x13061fb20_0;
    %pad/s 32;
    %load/vec4 v0x13061f770_0;
    %pad/s 32;
    %mul;
    %ix/load 4, 8, 0;
    %flag_set/imm 4, 0;
    %shiftr 4;
    %sub;
    %store/vec4 v0x13061ffa0_0, 0, 32;
    %jmp T_7.1;
T_7.0 ;
    %pushi/vec4 0, 0, 32;
    %store/vec4 v0x13061fe40_0, 0, 32;
    %pushi/vec4 0, 0, 32;
    %store/vec4 v0x13061fce0_0, 0, 32;
    %pushi/vec4 0, 0, 32;
    %store/vec4 v0x130620100_0, 0, 32;
    %pushi/vec4 0, 0, 32;
    %store/vec4 v0x13061ffa0_0, 0, 32;
T_7.1 ;
    %jmp T_7;
    .thread T_7;
    .scope S_0x130620510;
T_8 ;
    %wait E_0x130607170;
    %load/vec4 v0x1306209e0_0;
    %pad/u 32;
    %cmpi/e 1, 0, 32;
    %jmp/0xz  T_8.0, 4;
    %load/vec4 v0x130620d20_0;
    %pad/s 32;
    %load/vec4 v0x130620e40_0;
    %pad/s 32;
    %load/vec4 v0x130620c00_0;
    %pad/s 32;
    %mul;
    %ix/load 4, 8, 0;
    %flag_set/imm 4, 0;
    %shiftr 4;
    %add;
    %load/vec4 v0x130620db0_0;
    %pad/s 32;
    %load/vec4 v0x130620b70_0;
    %pad/s 32;
    %mul;
    %ix/load 4, 8, 0;
    %flag_set/imm 4, 0;
    %shiftr 4;
    %sub;
    %store/vec4 v0x130621110_0, 0, 32;
    %load/vec4 v0x130620c90_0;
    %pad/s 32;
    %load/vec4 v0x130620c00_0;
    %pad/s 32;
    %load/vec4 v0x130620db0_0;
    %pad/s 32;
    %mul;
    %ix/load 4, 8, 0;
    %flag_set/imm 4, 0;
    %shiftr 4;
    %add;
    %load/vec4 v0x130620e40_0;
    %pad/s 32;
    %load/vec4 v0x130620b70_0;
    %pad/s 32;
    %mul;
    %ix/load 4, 8, 0;
    %flag_set/imm 4, 0;
    %shiftr 4;
    %add;
    %store/vec4 v0x130620fe0_0, 0, 32;
    %load/vec4 v0x130620d20_0;
    %pad/s 32;
    %load/vec4 v0x130620b70_0;
    %pad/s 32;
    %load/vec4 v0x130620db0_0;
    %pad/s 32;
    %mul;
    %ix/load 4, 8, 0;
    %flag_set/imm 4, 0;
    %shiftr 4;
    %add;
    %load/vec4 v0x130620c00_0;
    %pad/s 32;
    %load/vec4 v0x130620e40_0;
    %pad/s 32;
    %mul;
    %ix/load 4, 8, 0;
    %flag_set/imm 4, 0;
    %shiftr 4;
    %sub;
    %store/vec4 v0x1306213d0_0, 0, 32;
    %load/vec4 v0x130620c90_0;
    %pad/s 32;
    %load/vec4 v0x130620c00_0;
    %pad/s 32;
    %load/vec4 v0x130620db0_0;
    %pad/s 32;
    %mul;
    %ix/load 4, 8, 0;
    %flag_set/imm 4, 0;
    %shiftr 4;
    %sub;
    %load/vec4 v0x130620e40_0;
    %pad/s 32;
    %load/vec4 v0x130620b70_0;
    %pad/s 32;
    %mul;
    %ix/load 4, 8, 0;
    %flag_set/imm 4, 0;
    %shiftr 4;
    %sub;
    %store/vec4 v0x130621270_0, 0, 32;
    %jmp T_8.1;
T_8.0 ;
    %pushi/vec4 0, 0, 32;
    %store/vec4 v0x130621110_0, 0, 32;
    %pushi/vec4 0, 0, 32;
    %store/vec4 v0x130620fe0_0, 0, 32;
    %pushi/vec4 0, 0, 32;
    %store/vec4 v0x1306213d0_0, 0, 32;
    %pushi/vec4 0, 0, 32;
    %store/vec4 v0x130621270_0, 0, 32;
T_8.1 ;
    %jmp T_8;
    .thread T_8;
    .scope S_0x1306217e0;
T_9 ;
    %wait E_0x130607170;
    %load/vec4 v0x130621b60_0;
    %pad/u 32;
    %cmpi/e 1, 0, 32;
    %jmp/0xz  T_9.0, 4;
    %load/vec4 v0x130621e30_0;
    %pad/s 32;
    %load/vec4 v0x130621f90_0;
    %pad/s 32;
    %load/vec4 v0x130621ca0_0;
    %pad/s 32;
    %mul;
    %ix/load 4, 8, 0;
    %flag_set/imm 4, 0;
    %shiftr 4;
    %add;
    %load/vec4 v0x130621ee0_0;
    %pad/s 32;
    %load/vec4 v0x130621bf0_0;
    %pad/s 32;
    %mul;
    %ix/load 4, 8, 0;
    %flag_set/imm 4, 0;
    %shiftr 4;
    %sub;
    %store/vec4 v0x1306222c0_0, 0, 32;
    %load/vec4 v0x130621d50_0;
    %pad/s 32;
    %load/vec4 v0x130621ca0_0;
    %pad/s 32;
    %load/vec4 v0x130621ee0_0;
    %pad/s 32;
    %mul;
    %ix/load 4, 8, 0;
    %flag_set/imm 4, 0;
    %shiftr 4;
    %add;
    %load/vec4 v0x130621f90_0;
    %pad/s 32;
    %load/vec4 v0x130621bf0_0;
    %pad/s 32;
    %mul;
    %ix/load 4, 8, 0;
    %flag_set/imm 4, 0;
    %shiftr 4;
    %add;
    %store/vec4 v0x130622160_0, 0, 32;
    %load/vec4 v0x130621e30_0;
    %pad/s 32;
    %load/vec4 v0x130621bf0_0;
    %pad/s 32;
    %load/vec4 v0x130621ee0_0;
    %pad/s 32;
    %mul;
    %ix/load 4, 8, 0;
    %flag_set/imm 4, 0;
    %shiftr 4;
    %add;
    %load/vec4 v0x130621ca0_0;
    %pad/s 32;
    %load/vec4 v0x130621f90_0;
    %pad/s 32;
    %mul;
    %ix/load 4, 8, 0;
    %flag_set/imm 4, 0;
    %shiftr 4;
    %sub;
    %store/vec4 v0x130622580_0, 0, 32;
    %load/vec4 v0x130621d50_0;
    %pad/s 32;
    %load/vec4 v0x130621ca0_0;
    %pad/s 32;
    %load/vec4 v0x130621ee0_0;
    %pad/s 32;
    %mul;
    %ix/load 4, 8, 0;
    %flag_set/imm 4, 0;
    %shiftr 4;
    %sub;
    %load/vec4 v0x130621f90_0;
    %pad/s 32;
    %load/vec4 v0x130621bf0_0;
    %pad/s 32;
    %mul;
    %ix/load 4, 8, 0;
    %flag_set/imm 4, 0;
    %shiftr 4;
    %sub;
    %store/vec4 v0x130622420_0, 0, 32;
    %jmp T_9.1;
T_9.0 ;
    %pushi/vec4 0, 0, 32;
    %store/vec4 v0x1306222c0_0, 0, 32;
    %pushi/vec4 0, 0, 32;
    %store/vec4 v0x130622160_0, 0, 32;
    %pushi/vec4 0, 0, 32;
    %store/vec4 v0x130622580_0, 0, 32;
    %pushi/vec4 0, 0, 32;
    %store/vec4 v0x130622420_0, 0, 32;
T_9.1 ;
    %jmp T_9;
    .thread T_9;
    .scope S_0x130622990;
T_10 ;
    %wait E_0x130607170;
    %load/vec4 v0x130622d10_0;
    %pad/u 32;
    %cmpi/e 1, 0, 32;
    %jmp/0xz  T_10.0, 4;
    %load/vec4 v0x130623030_0;
    %pad/s 32;
    %load/vec4 v0x130623170_0;
    %pad/s 32;
    %load/vec4 v0x130622e90_0;
    %pad/s 32;
    %mul;
    %ix/load 4, 8, 0;
    %flag_set/imm 4, 0;
    %shiftr 4;
    %add;
    %load/vec4 v0x1306230c0_0;
    %pad/s 32;
    %load/vec4 v0x130622da0_0;
    %pad/s 32;
    %mul;
    %ix/load 4, 8, 0;
    %flag_set/imm 4, 0;
    %shiftr 4;
    %sub;
    %store/vec4 v0x130623490_0, 0, 32;
    %load/vec4 v0x130622f60_0;
    %pad/s 32;
    %load/vec4 v0x130622e90_0;
    %pad/s 32;
    %load/vec4 v0x1306230c0_0;
    %pad/s 32;
    %mul;
    %ix/load 4, 8, 0;
    %flag_set/imm 4, 0;
    %shiftr 4;
    %add;
    %load/vec4 v0x130623170_0;
    %pad/s 32;
    %load/vec4 v0x130622da0_0;
    %pad/s 32;
    %mul;
    %ix/load 4, 8, 0;
    %flag_set/imm 4, 0;
    %shiftr 4;
    %add;
    %store/vec4 v0x130623330_0, 0, 32;
    %load/vec4 v0x130623030_0;
    %pad/s 32;
    %load/vec4 v0x130622da0_0;
    %pad/s 32;
    %load/vec4 v0x1306230c0_0;
    %pad/s 32;
    %mul;
    %ix/load 4, 8, 0;
    %flag_set/imm 4, 0;
    %shiftr 4;
    %add;
    %load/vec4 v0x130622e90_0;
    %pad/s 32;
    %load/vec4 v0x130623170_0;
    %pad/s 32;
    %mul;
    %ix/load 4, 8, 0;
    %flag_set/imm 4, 0;
    %shiftr 4;
    %sub;
    %store/vec4 v0x130623750_0, 0, 32;
    %load/vec4 v0x130622f60_0;
    %pad/s 32;
    %load/vec4 v0x130622e90_0;
    %pad/s 32;
    %load/vec4 v0x1306230c0_0;
    %pad/s 32;
    %mul;
    %ix/load 4, 8, 0;
    %flag_set/imm 4, 0;
    %shiftr 4;
    %sub;
    %load/vec4 v0x130623170_0;
    %pad/s 32;
    %load/vec4 v0x130622da0_0;
    %pad/s 32;
    %mul;
    %ix/load 4, 8, 0;
    %flag_set/imm 4, 0;
    %shiftr 4;
    %sub;
    %store/vec4 v0x1306235f0_0, 0, 32;
    %jmp T_10.1;
T_10.0 ;
    %pushi/vec4 0, 0, 32;
    %store/vec4 v0x130623490_0, 0, 32;
    %pushi/vec4 0, 0, 32;
    %store/vec4 v0x130623330_0, 0, 32;
    %pushi/vec4 0, 0, 32;
    %store/vec4 v0x130623750_0, 0, 32;
    %pushi/vec4 0, 0, 32;
    %store/vec4 v0x1306235f0_0, 0, 32;
T_10.1 ;
    %jmp T_10;
    .thread T_10;
    .scope S_0x130623b60;
T_11 ;
    %wait E_0x130607170;
    %load/vec4 v0x130623ee0_0;
    %pad/u 32;
    %cmpi/e 1, 0, 32;
    %jmp/0xz  T_11.0, 4;
    %load/vec4 v0x1306241b0_0;
    %pad/s 32;
    %load/vec4 v0x130624310_0;
    %pad/s 32;
    %load/vec4 v0x130624020_0;
    %pad/s 32;
    %mul;
    %ix/load 4, 8, 0;
    %flag_set/imm 4, 0;
    %shiftr 4;
    %add;
    %load/vec4 v0x130624260_0;
    %pad/s 32;
    %load/vec4 v0x130623f70_0;
    %pad/s 32;
    %mul;
    %ix/load 4, 8, 0;
    %flag_set/imm 4, 0;
    %shiftr 4;
    %sub;
    %store/vec4 v0x130624640_0, 0, 32;
    %load/vec4 v0x1306240d0_0;
    %pad/s 32;
    %load/vec4 v0x130624020_0;
    %pad/s 32;
    %load/vec4 v0x130624260_0;
    %pad/s 32;
    %mul;
    %ix/load 4, 8, 0;
    %flag_set/imm 4, 0;
    %shiftr 4;
    %add;
    %load/vec4 v0x130624310_0;
    %pad/s 32;
    %load/vec4 v0x130623f70_0;
    %pad/s 32;
    %mul;
    %ix/load 4, 8, 0;
    %flag_set/imm 4, 0;
    %shiftr 4;
    %add;
    %store/vec4 v0x1306244e0_0, 0, 32;
    %load/vec4 v0x1306241b0_0;
    %pad/s 32;
    %load/vec4 v0x130623f70_0;
    %pad/s 32;
    %load/vec4 v0x130624260_0;
    %pad/s 32;
    %mul;
    %ix/load 4, 8, 0;
    %flag_set/imm 4, 0;
    %shiftr 4;
    %add;
    %load/vec4 v0x130624020_0;
    %pad/s 32;
    %load/vec4 v0x130624310_0;
    %pad/s 32;
    %mul;
    %ix/load 4, 8, 0;
    %flag_set/imm 4, 0;
    %shiftr 4;
    %sub;
    %store/vec4 v0x130624900_0, 0, 32;
    %load/vec4 v0x1306240d0_0;
    %pad/s 32;
    %load/vec4 v0x130624020_0;
    %pad/s 32;
    %load/vec4 v0x130624260_0;
    %pad/s 32;
    %mul;
    %ix/load 4, 8, 0;
    %flag_set/imm 4, 0;
    %shiftr 4;
    %sub;
    %load/vec4 v0x130624310_0;
    %pad/s 32;
    %load/vec4 v0x130623f70_0;
    %pad/s 32;
    %mul;
    %ix/load 4, 8, 0;
    %flag_set/imm 4, 0;
    %shiftr 4;
    %sub;
    %store/vec4 v0x1306247a0_0, 0, 32;
    %jmp T_11.1;
T_11.0 ;
    %pushi/vec4 0, 0, 32;
    %store/vec4 v0x130624640_0, 0, 32;
    %pushi/vec4 0, 0, 32;
    %store/vec4 v0x1306244e0_0, 0, 32;
    %pushi/vec4 0, 0, 32;
    %store/vec4 v0x130624900_0, 0, 32;
    %pushi/vec4 0, 0, 32;
    %store/vec4 v0x1306247a0_0, 0, 32;
T_11.1 ;
    %jmp T_11;
    .thread T_11;
    .scope S_0x130606560;
T_12 ;
    %wait E_0x130607170;
    %load/vec4 v0x1306268c0_0;
    %pad/u 32;
    %cmpi/e 0, 0, 32;
    %jmp/0xz  T_12.0, 4;
    %pushi/vec4 0, 0, 32;
    %store/vec4 v0x130625b10_0, 0, 32;
    %pushi/vec4 0, 0, 1;
    %store/vec4 v0x130626820_0, 0, 1;
    %pushi/vec4 0, 0, 32;
    %store/vec4 v0x130625a80_0, 0, 32;
T_12.2 ;
    %load/vec4 v0x130625a80_0;
    %cmpi/s 8, 0, 32;
    %jmp/0xz T_12.3, 5;
    %pushi/vec4 0, 0, 16;
    %ix/getv/s 3, v0x130625a80_0;
    %ix/load 4, 0, 0; Constant delay
    %assign/vec4/a/d v0x1306258b0, 0, 4;
    %pushi/vec4 0, 0, 16;
    %ix/getv/s 3, v0x130625a80_0;
    %ix/load 4, 0, 0; Constant delay
    %assign/vec4/a/d v0x130625760, 0, 4;
    %pushi/vec4 0, 0, 16;
    %ix/getv/s 3, v0x130625a80_0;
    %ix/load 4, 0, 0; Constant delay
    %assign/vec4/a/d v0x130626780, 0, 4;
    %pushi/vec4 0, 0, 16;
    %ix/getv/s 3, v0x130625a80_0;
    %ix/load 4, 0, 0; Constant delay
    %assign/vec4/a/d v0x1306266e0, 0, 4;
    %load/vec4 v0x130625a80_0;
    %addi 1, 0, 32;
    %store/vec4 v0x130625a80_0, 0, 32;
    %jmp T_12.2;
T_12.3 ;
    %pushi/vec4 256, 0, 16;
    %ix/load 4, 0, 0;
    %flag_set/imm 4, 0;
    %store/vec4a v0x130626af0, 4, 0;
    %pushi/vec4 0, 0, 16;
    %ix/load 4, 0, 0;
    %flag_set/imm 4, 0;
    %store/vec4a v0x1306269f0, 4, 0;
    %pushi/vec4 181, 0, 16;
    %ix/load 4, 1, 0;
    %flag_set/imm 4, 0;
    %store/vec4a v0x130626af0, 4, 0;
    %pushi/vec4 65355, 0, 16;
    %ix/load 4, 1, 0;
    %flag_set/imm 4, 0;
    %store/vec4a v0x1306269f0, 4, 0;
    %pushi/vec4 0, 0, 16;
    %ix/load 4, 2, 0;
    %flag_set/imm 4, 0;
    %store/vec4a v0x130626af0, 4, 0;
    %pushi/vec4 65280, 0, 16;
    %ix/load 4, 2, 0;
    %flag_set/imm 4, 0;
    %store/vec4a v0x1306269f0, 4, 0;
    %pushi/vec4 65355, 0, 16;
    %ix/load 4, 3, 0;
    %flag_set/imm 4, 0;
    %store/vec4a v0x130626af0, 4, 0;
    %pushi/vec4 65355, 0, 16;
    %ix/load 4, 3, 0;
    %flag_set/imm 4, 0;
    %store/vec4a v0x1306269f0, 4, 0;
    %jmp T_12.1;
T_12.0 ;
    %load/vec4 v0x130626be0_0;
    %pad/u 32;
    %cmpi/e 1, 0, 32;
    %jmp/0xz  T_12.4, 4;
    %load/vec4 v0x130624bf0_0;
    %ix/load 3, 0, 0;
    %flag_set/imm 4, 0;
    %ix/load 4, 0, 0; Constant delay
    %assign/vec4/a/d v0x1306258b0, 0, 4;
    %load/vec4 v0x130624b60_0;
    %ix/load 3, 0, 0;
    %flag_set/imm 4, 0;
    %ix/load 4, 0, 0; Constant delay
    %assign/vec4/a/d v0x130625760, 0, 4;
    %load/vec4 v0x1306251b0_0;
    %ix/load 3, 1, 0;
    %flag_set/imm 4, 0;
    %ix/load 4, 0, 0; Constant delay
    %assign/vec4/a/d v0x1306258b0, 0, 4;
    %load/vec4 v0x130625100_0;
    %ix/load 3, 1, 0;
    %flag_set/imm 4, 0;
    %ix/load 4, 0, 0; Constant delay
    %assign/vec4/a/d v0x130625760, 0, 4;
    %load/vec4 v0x130624e90_0;
    %ix/load 3, 2, 0;
    %flag_set/imm 4, 0;
    %ix/load 4, 0, 0; Constant delay
    %assign/vec4/a/d v0x1306258b0, 0, 4;
    %load/vec4 v0x130624de0_0;
    %ix/load 3, 2, 0;
    %flag_set/imm 4, 0;
    %ix/load 4, 0, 0; Constant delay
    %assign/vec4/a/d v0x130625760, 0, 4;
    %load/vec4 v0x130625470_0;
    %ix/load 3, 3, 0;
    %flag_set/imm 4, 0;
    %ix/load 4, 0, 0; Constant delay
    %assign/vec4/a/d v0x1306258b0, 0, 4;
    %load/vec4 v0x1306253c0_0;
    %ix/load 3, 3, 0;
    %flag_set/imm 4, 0;
    %ix/load 4, 0, 0; Constant delay
    %assign/vec4/a/d v0x130625760, 0, 4;
    %load/vec4 v0x130624d10_0;
    %ix/load 3, 4, 0;
    %flag_set/imm 4, 0;
    %ix/load 4, 0, 0; Constant delay
    %assign/vec4/a/d v0x1306258b0, 0, 4;
    %load/vec4 v0x130624c80_0;
    %ix/load 3, 4, 0;
    %flag_set/imm 4, 0;
    %ix/load 4, 0, 0; Constant delay
    %assign/vec4/a/d v0x130625760, 0, 4;
    %load/vec4 v0x130625310_0;
    %ix/load 3, 5, 0;
    %flag_set/imm 4, 0;
    %ix/load 4, 0, 0; Constant delay
    %assign/vec4/a/d v0x1306258b0, 0, 4;
    %load/vec4 v0x130625260_0;
    %ix/load 3, 5, 0;
    %flag_set/imm 4, 0;
    %ix/load 4, 0, 0; Constant delay
    %assign/vec4/a/d v0x130625760, 0, 4;
    %load/vec4 v0x130624ff0_0;
    %ix/load 3, 6, 0;
    %flag_set/imm 4, 0;
    %ix/load 4, 0, 0; Constant delay
    %assign/vec4/a/d v0x1306258b0, 0, 4;
    %load/vec4 v0x130624f40_0;
    %ix/load 3, 6, 0;
    %flag_set/imm 4, 0;
    %ix/load 4, 0, 0; Constant delay
    %assign/vec4/a/d v0x130625760, 0, 4;
    %load/vec4 v0x1306255d0_0;
    %ix/load 3, 7, 0;
    %flag_set/imm 4, 0;
    %ix/load 4, 0, 0; Constant delay
    %assign/vec4/a/d v0x1306258b0, 0, 4;
    %load/vec4 v0x130625520_0;
    %ix/load 3, 7, 0;
    %flag_set/imm 4, 0;
    %ix/load 4, 0, 0; Constant delay
    %assign/vec4/a/d v0x130625760, 0, 4;
T_12.4 ;
T_12.1 ;
    %load/vec4 v0x130625b10_0;
    %addi 1, 0, 32;
    %store/vec4 v0x130625b10_0, 0, 32;
    %load/vec4 v0x130625b10_0;
    %cmpi/e 5, 0, 32;
    %jmp/0xz  T_12.6, 4;
    %pushi/vec4 1, 0, 1;
    %store/vec4 v0x130626820_0, 0, 1;
    %pushi/vec4 0, 0, 32;
    %store/vec4 v0x130625b10_0, 0, 32;
T_12.6 ;
    %jmp T_12;
    .thread T_12;
    .scope S_0x1306063f0;
T_13 ;
    %pushi/vec4 0, 0, 1;
    %store/vec4 v0x130606720_0, 0, 1;
    %pushi/vec4 0, 0, 1;
    %store/vec4 v0x130629270_0, 0, 1;
    %pushi/vec4 0, 0, 1;
    %store/vec4 v0x130629390_0, 0, 1;
    %pushi/vec4 0, 0, 1;
    %store/vec4 v0x130629300_0, 0, 1;
    %pushi/vec4 0, 0, 16;
    %store/vec4 v0x130627a40_0, 0, 16;
    %pushi/vec4 256, 0, 16;
    %store/vec4 v0x130627bc0_0, 0, 16;
    %pushi/vec4 512, 0, 16;
    %store/vec4 v0x130627d40_0, 0, 16;
    %pushi/vec4 768, 0, 16;
    %store/vec4 v0x130627ea0_0, 0, 16;
    %pushi/vec4 1024, 0, 16;
    %store/vec4 v0x130628060_0, 0, 16;
    %pushi/vec4 1280, 0, 16;
    %store/vec4 v0x1306281a0_0, 0, 16;
    %pushi/vec4 1536, 0, 16;
    %store/vec4 v0x130628300_0, 0, 16;
    %pushi/vec4 1792, 0, 16;
    %store/vec4 v0x130628460_0, 0, 16;
    %pushi/vec4 0, 0, 16;
    %store/vec4 v0x1306067c0_0, 0, 16;
    %pushi/vec4 0, 0, 16;
    %store/vec4 v0x130627b10_0, 0, 16;
    %pushi/vec4 0, 0, 16;
    %store/vec4 v0x130627c90_0, 0, 16;
    %pushi/vec4 0, 0, 16;
    %store/vec4 v0x130627df0_0, 0, 16;
    %pushi/vec4 0, 0, 16;
    %store/vec4 v0x130627fd0_0, 0, 16;
    %pushi/vec4 0, 0, 16;
    %store/vec4 v0x1306280f0_0, 0, 16;
    %pushi/vec4 0, 0, 16;
    %store/vec4 v0x130628250_0, 0, 16;
    %pushi/vec4 0, 0, 16;
    %store/vec4 v0x1306283b0_0, 0, 16;
    %delay 10000, 0;
    %pushi/vec4 1, 0, 1;
    %store/vec4 v0x130629270_0, 0, 1;
    %pushi/vec4 1, 0, 1;
    %store/vec4 v0x130629390_0, 0, 1;
    %pushi/vec4 1, 0, 1;
    %store/vec4 v0x130629300_0, 0, 1;
    %delay 10000, 0;
    %pushi/vec4 0, 0, 1;
    %store/vec4 v0x130629390_0, 0, 1;
    %end;
    .thread T_13;
    .scope S_0x1306063f0;
T_14 ;
    %delay 5000, 0;
    %load/vec4 v0x130606720_0;
    %inv;
    %store/vec4 v0x130606720_0, 0, 1;
    %jmp T_14;
    .thread T_14;
    .scope S_0x1306063f0;
T_15 ;
    %vpi_call 2 57 "$dumpfile", "fft.vcd" {0 0 0};
    %vpi_call 2 58 "$dumpvars", 32'sb00000000000000000000000000000000, S_0x1306063f0 {0 0 0};
    %delay 300000, 0;
    %vpi_call 2 59 "$finish" {0 0 0};
    %end;
    .thread T_15;
    .scope S_0x1306063f0;
T_16 ;
    %vpi_call 2 62 "$display", "X[0]_real = %b, X[0]_imag = %b", v0x1306286a0_0, v0x130628610_0 {0 0 0};
    %vpi_call 2 63 "$display", "X[1]_real = %b, X[1]_imag = %b", v0x1306287c0_0, v0x130628730_0 {0 0 0};
    %vpi_call 2 64 "$display", "X[2]_real = %b, X[2]_imag = %b", v0x130628900_0, v0x130628850_0 {0 0 0};
    %vpi_call 2 65 "$display", "X[3]_real = %b, X[3]_imag = %b", v0x130628a60_0, v0x1306289b0_0 {0 0 0};
    %vpi_call 2 66 "$display", "X[4]_real = %b, X[4]_imag = %b", v0x130628bc0_0, v0x130628b10_0 {0 0 0};
    %vpi_call 2 67 "$display", "X[5]_real = %b, X[5]_imag = %b", v0x130628d20_0, v0x130628c70_0 {0 0 0};
    %vpi_call 2 68 "$display", "X[6]_real = %b, X[6]_imag = %b", v0x130628e80_0, v0x130628dd0_0 {0 0 0};
    %vpi_call 2 69 "$display", "X[7]_real = %b, X[7]_imag = %b", v0x130628fe0_0, v0x130628f30_0 {0 0 0};
    %end;
    .thread T_16;
# The file index is used to find the file name in the following table.
:file_names 5;
    "N/A";
    "<interactive>";
    "test_bench_fft.v";
    "./fft.v";
    "./butterfly.v";
